<?xml version="1.0" encoding="UTF-8"?>
<testsuite name="com.sprint.mission.discodeit.unitTest.AuthServiceTest" tests="3" skipped="0" failures="0" errors="0" timestamp="2026-02-15T01:04:40.221Z" hostname="DESKTOP-0JVG8OV" time="0.542">
  <properties/>
  <testcase name="로그인 성공" classname="com.sprint.mission.discodeit.unitTest.AuthServiceTest" time="0.523"/>
  <testcase name="로그인 실패 - 잘못된 비밀번호" classname="com.sprint.mission.discodeit.unitTest.AuthServiceTest" time="0.012"/>
  <testcase name="로그인 실패 - 존재하지 않는 사용자" classname="com.sprint.mission.discodeit.unitTest.AuthServiceTest" time="0.005"/>
  <system-out><![CDATA[]]></system-out>
  <system-err><![CDATA[]]></system-err>
</testsuite>
