<?xml version="1.0" encoding="UTF-8"?>
<testsuite name="com.sprint.mission.discodeit.controllerTest.MessageControllerTest" tests="4" skipped="0" failures="0" errors="0" timestamp="2026-02-15T01:04:34.280Z" hostname="DESKTOP-0JVG8OV" time="0.148">
  <properties/>
  <testcase name="DELETE /api/messages/{messageId} - 메시지 삭제 실패 (존재하지 않는 메시지)" classname="com.sprint.mission.discodeit.controllerTest.MessageControllerTest" time="0.035"/>
  <testcase name="POST /api/messages - 메시지 생성 실패 (유효성 검사)" classname="com.sprint.mission.discodeit.controllerTest.MessageControllerTest" time="0.055"/>
  <testcase name="DELETE /api/messages/{messageId} - 메시지 삭제 성공" classname="com.sprint.mission.discodeit.controllerTest.MessageControllerTest" time="0.015"/>
  <testcase name="POST /api/messages - 메시지 생성 성공" classname="com.sprint.mission.discodeit.controllerTest.MessageControllerTest" time="0.037"/>
  <system-out><![CDATA[26-02-15 10:04:33.588 [Test worker] INFO  o.s.t.c.s.AnnotationConfigContextLoaderUtils [ |  | ] - Could not detect default configuration classes for test class [com.sprint.mission.discodeit.controllerTest.MessageControllerTest]: MessageControllerTest does not declare any static, non-private, non-final, nested classes annotated with @Configuration.
26-02-15 10:04:33.601 [Test worker] INFO  o.s.b.t.c.SpringBootTestContextBootstrapper [ |  | ] - Found @SpringBootConfiguration com.sprint.mission.discodeit.DiscodeitApplication for test class com.sprint.mission.discodeit.controllerTest.MessageControllerTest

  .   ____          _            __ _ _
 /\\ / ___'_ __ _ _(_)_ __  __ _ \ \ \ \
( ( )\___ | '_ | '_| | '_ \/ _` | \ \ \ \
 \\/  ___)| |_)| | | | | || (_| |  ) ) ) )
  '  |____| .__|_| |_|_| |_\__, | / / / /
 =========|_|==============|___/=/_/_/_/

 :: Spring Boot ::                (v3.5.8)

26-02-15 10:04:33.679 [Test worker] INFO  c.s.m.d.c.MessageControllerTest [ |  | ] - Starting MessageControllerTest using Java 17.0.16 with PID 6864 (started by LEEJAEJOON in C:\myWs\leejaejoon\path\8-sprint-mission)
26-02-15 10:04:33.680 [Test worker] DEBUG c.s.m.d.c.MessageControllerTest [ |  | ] - Running with Spring Boot v3.5.8, Spring v6.2.14
26-02-15 10:04:33.680 [Test worker] INFO  c.s.m.d.c.MessageControllerTest [ |  | ] - No active profile set, falling back to 1 default profile: "default"
26-02-15 10:04:34.104 [Test worker] INFO  o.s.b.a.w.s.WelcomePageHandlerMapping [ |  | ] - Adding welcome page: class path resource [static/index.html]
26-02-15 10:04:34.225 [Test worker] WARN  o.s.b.a.s.s.UserDetailsServiceAutoConfiguration [ |  | ] - 

Using generated security password: 4fa456cb-64ec-4eea-90b1-d547cc178351

This generated password is for development use only. Your security configuration must be updated before running your application in production.

26-02-15 10:04:34.231 [Test worker] INFO  o.s.s.c.a.a.c.InitializeUserDetailsBeanManagerConfigurer$InitializeUserDetailsManagerConfigurer [ |  | ] - Global AuthenticationManager configured with UserDetailsService bean with name inMemoryUserDetailsManager
26-02-15 10:04:34.248 [Test worker] INFO  o.s.b.t.m.w.SpringBootMockServletContext [ |  | ] - Initializing Spring TestDispatcherServlet ''
26-02-15 10:04:34.259 [Test worker] INFO  o.s.t.w.s.TestDispatcherServlet [ |  | ] - Initializing Servlet ''
26-02-15 10:04:34.259 [Test worker] INFO  o.s.t.w.s.TestDispatcherServlet [ |  | ] - Completed initialization in 0 ms
26-02-15 10:04:34.273 [Test worker] INFO  c.s.m.d.c.MessageControllerTest [ |  | ] - Started MessageControllerTest in 0.656 seconds (process running for 19.838)
26-02-15 10:04:34.294 [Test worker] DEBUG c.s.m.d.config.MDCLoggingInterceptor [136bf3e43c744185b7bb3e9fe79b542c | DELETE | /api/messages/1f6c8973-a242-440f-b00d-0d9cc6fca120] - 요청 시작
26-02-15 10:04:34.294 [Test worker] INFO  c.s.m.d.controller.MessageController [136bf3e43c744185b7bb3e9fe79b542c | DELETE | /api/messages/1f6c8973-a242-440f-b00d-0d9cc6fca120] - Controller: 메시지 삭제 요청 - ID: 1f6c8973-a242-440f-b00d-0d9cc6fca120
26-02-15 10:04:34.294 [Test worker] WARN  c.s.m.d.e.GlobalExceptionHandler [136bf3e43c744185b7bb3e9fe79b542c | DELETE | /api/messages/1f6c8973-a242-440f-b00d-0d9cc6fca120] - Discode.it Exception: M001 - Message를 찾을 수 없습니다.
26-02-15 10:04:34.294 [Test worker] WARN  c.s.m.d.e.GlobalExceptionHandler [136bf3e43c744185b7bb3e9fe79b542c | DELETE | /api/messages/1f6c8973-a242-440f-b00d-0d9cc6fca120] - Details: {messageId=1f6c8973-a242-440f-b00d-0d9cc6fca120}
26-02-15 10:04:34.312 [Test worker] DEBUG c.s.m.d.config.MDCLoggingInterceptor [136bf3e43c744185b7bb3e9fe79b542c | DELETE | /api/messages/1f6c8973-a242-440f-b00d-0d9cc6fca120] - 요청 완료
26-02-15 10:04:34.336 [Test worker] DEBUG c.s.m.d.config.MDCLoggingInterceptor [a19cd433d31f41139446bf3c7ffb053a | POST | /api/messages] - 요청 시작
26-02-15 10:04:34.362 [Test worker] WARN  c.s.m.d.e.GlobalExceptionHandler [a19cd433d31f41139446bf3c7ffb053a | POST | /api/messages] - Validation failed: {authorId=Author ID is required}
26-02-15 10:04:34.362 [Test worker] DEBUG c.s.m.d.config.MDCLoggingInterceptor [a19cd433d31f41139446bf3c7ffb053a | POST | /api/messages] - 요청 완료
26-02-15 10:04:34.374 [Test worker] DEBUG c.s.m.d.config.MDCLoggingInterceptor [995eff1b03024e158be4b7de9f952e62 | DELETE | /api/messages/e998c278-6d62-42e8-b9d4-b668b4436a58] - 요청 시작
26-02-15 10:04:34.374 [Test worker] INFO  c.s.m.d.controller.MessageController [995eff1b03024e158be4b7de9f952e62 | DELETE | /api/messages/e998c278-6d62-42e8-b9d4-b668b4436a58] - Controller: 메시지 삭제 요청 - ID: e998c278-6d62-42e8-b9d4-b668b4436a58
26-02-15 10:04:34.374 [Test worker] INFO  c.s.m.d.controller.MessageController [995eff1b03024e158be4b7de9f952e62 | DELETE | /api/messages/e998c278-6d62-42e8-b9d4-b668b4436a58] - Controller: 메시지 삭제 완료 - ID: e998c278-6d62-42e8-b9d4-b668b4436a58
26-02-15 10:04:34.374 [Test worker] DEBUG c.s.m.d.config.MDCLoggingInterceptor [995eff1b03024e158be4b7de9f952e62 | DELETE | /api/messages/e998c278-6d62-42e8-b9d4-b668b4436a58] - 요청 완료
26-02-15 10:04:34.403 [Test worker] DEBUG c.s.m.d.config.MDCLoggingInterceptor [7c2c77893c0f41a5bd16a4f95efa38dc | POST | /api/messages] - 요청 시작
26-02-15 10:04:34.405 [Test worker] INFO  c.s.m.d.controller.MessageController [7c2c77893c0f41a5bd16a4f95efa38dc | POST | /api/messages] - Controller: 메시지 생성 요청 - channelId: c1d9cdee-d933-4904-91a6-62e452de8d82, authorId: 90b9adc6-283a-4108-af73-d9844654a8b6
26-02-15 10:04:34.405 [Test worker] INFO  c.s.m.d.controller.MessageController [7c2c77893c0f41a5bd16a4f95efa38dc | POST | /api/messages] - Controller: 메시지 생성 완료 - ID: 3d932abb-933c-4a7d-9241-168bdc20c410
26-02-15 10:04:34.421 [Test worker] DEBUG c.s.m.d.config.MDCLoggingInterceptor [7c2c77893c0f41a5bd16a4f95efa38dc | POST | /api/messages] - 요청 완료
]]></system-out>
  <system-err><![CDATA[]]></system-err>
</testsuite>
