<?xml version="1.0" encoding="UTF-8"?>
<testsuite name="com.sprint.mission.discodeit.repository.UserRepositoryTest" tests="6" skipped="0" failures="0" errors="0" timestamp="2026-02-15T01:04:40.069Z" hostname="DESKTOP-0JVG8OV" time="0.133">
  <properties/>
  <testcase name="존재하지 않는 이메일로 확인하면 false를 반환" classname="com.sprint.mission.discodeit.repository.UserRepositoryTest" time="0.011"/>
  <testcase name="모든 사용자를 조회할 때 userStatus와 함께 조회한다." classname="com.sprint.mission.discodeit.repository.UserRepositoryTest" time="0.04"/>
  <testcase name="유저가 저장될 때 프로필도 함께 저장된다." classname="com.sprint.mission.discodeit.repository.UserRepositoryTest" time="0.02"/>
  <testcase name="존재하지 않는 사용자의 이름으로 검색하면 빈 Optional을 반환" classname="com.sprint.mission.discodeit.repository.UserRepositoryTest" time="0.012"/>
  <testcase name="사용자의 이름으로 조회" classname="com.sprint.mission.discodeit.repository.UserRepositoryTest" time="0.02"/>
  <testcase name="이메일로 사용자 존재 여부를 확인할 수 있다" classname="com.sprint.mission.discodeit.repository.UserRepositoryTest" time="0.022"/>
  <system-out><![CDATA[26-02-15 10:04:40.060 [Test worker] INFO  o.s.t.c.s.AnnotationConfigContextLoaderUtils [ |  | ] - Could not detect default configuration classes for test class [com.sprint.mission.discodeit.repository.UserRepositoryTest]: UserRepositoryTest does not declare any static, non-private, non-final, nested classes annotated with @Configuration.
26-02-15 10:04:40.060 [Test worker] INFO  o.s.b.t.c.SpringBootTestContextBootstrapper [ |  | ] - Found @SpringBootConfiguration com.sprint.mission.discodeit.DiscodeitApplication for test class com.sprint.mission.discodeit.repository.UserRepositoryTest
26-02-15 10:04:40.060 [Test worker] DEBUG org.hibernate.SQL [ |  | ] - 
    select
        u1_0.id 
    from
        users u1_0 
    where
        u1_0.email=? 
    fetch
        first ? rows only
Hibernate: 
    select
        u1_0.id 
    from
        users u1_0 
    where
        u1_0.email=? 
    fetch
        first ? rows only
26-02-15 10:04:40.060 [Test worker] TRACE org.hibernate.orm.jdbc.bind [ |  | ] - binding parameter (1:VARCHAR) <- [nonExistEmail@codeit.com]
26-02-15 10:04:40.060 [Test worker] TRACE org.hibernate.orm.jdbc.bind [ |  | ] - binding parameter (2:INTEGER) <- [1]
26-02-15 10:04:40.097 [Test worker] DEBUG org.hibernate.SQL [ |  | ] - 
    insert 
    into
        users
        (created_at, email, password, profile_id, updated_at, username, id) 
    values
        (?, ?, ?, ?, ?, ?, ?)
Hibernate: 
    insert 
    into
        users
        (created_at, email, password, profile_id, updated_at, username, id) 
    values
        (?, ?, ?, ?, ?, ?, ?)
26-02-15 10:04:40.098 [Test worker] TRACE org.hibernate.orm.jdbc.bind [ |  | ] - binding parameter (1:TIMESTAMP_UTC) <- [2026-02-15T01:04:40.076346400Z]
26-02-15 10:04:40.099 [Test worker] TRACE org.hibernate.orm.jdbc.bind [ |  | ] - binding parameter (2:VARCHAR) <- [user1@codeit.com]
26-02-15 10:04:40.099 [Test worker] TRACE org.hibernate.orm.jdbc.bind [ |  | ] - binding parameter (3:VARCHAR) <- [password123]
26-02-15 10:04:40.099 [Test worker] TRACE org.hibernate.orm.jdbc.bind [ |  | ] - binding parameter (4:UUID) <- [null]
26-02-15 10:04:40.099 [Test worker] TRACE org.hibernate.orm.jdbc.bind [ |  | ] - binding parameter (5:TIMESTAMP_UTC) <- [2026-02-15T01:04:40.076346400Z]
26-02-15 10:04:40.099 [Test worker] TRACE org.hibernate.orm.jdbc.bind [ |  | ] - binding parameter (6:VARCHAR) <- [user1]
26-02-15 10:04:40.099 [Test worker] TRACE org.hibernate.orm.jdbc.bind [ |  | ] - binding parameter (7:UUID) <- [8851b7c1-0745-4117-a09f-a0597ccd9b73]
26-02-15 10:04:40.101 [Test worker] DEBUG org.hibernate.SQL [ |  | ] - 
    insert 
    into
        users
        (created_at, email, password, profile_id, updated_at, username, id) 
    values
        (?, ?, ?, ?, ?, ?, ?)
Hibernate: 
    insert 
    into
        users
        (created_at, email, password, profile_id, updated_at, username, id) 
    values
        (?, ?, ?, ?, ?, ?, ?)
26-02-15 10:04:40.102 [Test worker] TRACE org.hibernate.orm.jdbc.bind [ |  | ] - binding parameter (1:TIMESTAMP_UTC) <- [2026-02-15T01:04:40.076346400Z]
26-02-15 10:04:40.102 [Test worker] TRACE org.hibernate.orm.jdbc.bind [ |  | ] - binding parameter (2:VARCHAR) <- [user2@codeit.com]
26-02-15 10:04:40.102 [Test worker] TRACE org.hibernate.orm.jdbc.bind [ |  | ] - binding parameter (3:VARCHAR) <- [password123]
26-02-15 10:04:40.102 [Test worker] TRACE org.hibernate.orm.jdbc.bind [ |  | ] - binding parameter (4:UUID) <- [null]
26-02-15 10:04:40.102 [Test worker] TRACE org.hibernate.orm.jdbc.bind [ |  | ] - binding parameter (5:TIMESTAMP_UTC) <- [2026-02-15T01:04:40.076346400Z]
26-02-15 10:04:40.102 [Test worker] TRACE org.hibernate.orm.jdbc.bind [ |  | ] - binding parameter (6:VARCHAR) <- [user2]
26-02-15 10:04:40.102 [Test worker] TRACE org.hibernate.orm.jdbc.bind [ |  | ] - binding parameter (7:UUID) <- [d9934eff-6dda-4da6-9a61-887f0fb6e751]
26-02-15 10:04:40.104 [Test worker] DEBUG org.hibernate.SQL [ |  | ] - 
    insert 
    into
        user_statuses
        (created_at, last_active_at, updated_at, user_id, id) 
    values
        (?, ?, ?, ?, ?)
Hibernate: 
    insert 
    into
        user_statuses
        (created_at, last_active_at, updated_at, user_id, id) 
    values
        (?, ?, ?, ?, ?)
26-02-15 10:04:40.106 [Test worker] TRACE org.hibernate.orm.jdbc.bind [ |  | ] - binding parameter (1:TIMESTAMP_UTC) <- [2026-02-15T01:04:40.076346400Z]
26-02-15 10:04:40.106 [Test worker] TRACE org.hibernate.orm.jdbc.bind [ |  | ] - binding parameter (2:TIMESTAMP_UTC) <- [2026-02-15T01:04:40.076346400Z]
26-02-15 10:04:40.106 [Test worker] TRACE org.hibernate.orm.jdbc.bind [ |  | ] - binding parameter (3:TIMESTAMP_UTC) <- [2026-02-15T01:04:40.076346400Z]
26-02-15 10:04:40.106 [Test worker] TRACE org.hibernate.orm.jdbc.bind [ |  | ] - binding parameter (4:UUID) <- [8851b7c1-0745-4117-a09f-a0597ccd9b73]
26-02-15 10:04:40.106 [Test worker] TRACE org.hibernate.orm.jdbc.bind [ |  | ] - binding parameter (5:UUID) <- [0507b19a-b2a6-46e9-81cd-9d9ad96eb3bc]
26-02-15 10:04:40.107 [Test worker] DEBUG org.hibernate.SQL [ |  | ] - 
    insert 
    into
        user_statuses
        (created_at, last_active_at, updated_at, user_id, id) 
    values
        (?, ?, ?, ?, ?)
Hibernate: 
    insert 
    into
        user_statuses
        (created_at, last_active_at, updated_at, user_id, id) 
    values
        (?, ?, ?, ?, ?)
26-02-15 10:04:40.108 [Test worker] TRACE org.hibernate.orm.jdbc.bind [ |  | ] - binding parameter (1:TIMESTAMP_UTC) <- [2026-02-15T01:04:40.096270700Z]
26-02-15 10:04:40.108 [Test worker] TRACE org.hibernate.orm.jdbc.bind [ |  | ] - binding parameter (2:TIMESTAMP_UTC) <- [2026-02-15T01:04:40.095047800Z]
26-02-15 10:04:40.108 [Test worker] TRACE org.hibernate.orm.jdbc.bind [ |  | ] - binding parameter (3:TIMESTAMP_UTC) <- [2026-02-15T01:04:40.096270700Z]
26-02-15 10:04:40.108 [Test worker] TRACE org.hibernate.orm.jdbc.bind [ |  | ] - binding parameter (4:UUID) <- [d9934eff-6dda-4da6-9a61-887f0fb6e751]
26-02-15 10:04:40.109 [Test worker] TRACE org.hibernate.orm.jdbc.bind [ |  | ] - binding parameter (5:UUID) <- [83375292-4fc2-41e0-9cbb-08b4b0a95e55]
26-02-15 10:04:40.114 [Test worker] DEBUG org.hibernate.SQL [ |  | ] - 
    select
        u1_0.id,
        u1_0.created_at,
        u1_0.email,
        u1_0.password,
        u1_0.profile_id,
        u1_0.updated_at,
        us1_0.id,
        us1_0.created_at,
        us1_0.last_active_at,
        us1_0.updated_at,
        us1_0.user_id,
        u1_0.username 
    from
        users u1_0 
    join
        user_statuses us1_0 
            on u1_0.id=us1_0.user_id
Hibernate: 
    select
        u1_0.id,
        u1_0.created_at,
        u1_0.email,
        u1_0.password,
        u1_0.profile_id,
        u1_0.updated_at,
        us1_0.id,
        us1_0.created_at,
        us1_0.last_active_at,
        us1_0.updated_at,
        us1_0.user_id,
        u1_0.username 
    from
        users u1_0 
    join
        user_statuses us1_0 
            on u1_0.id=us1_0.user_id
26-02-15 10:04:40.128 [Test worker] DEBUG org.hibernate.SQL [ |  | ] - 
    insert 
    into
        binary_contents
        (content_type, created_at, file_name, size, id) 
    values
        (?, ?, ?, ?, ?)
Hibernate: 
    insert 
    into
        binary_contents
        (content_type, created_at, file_name, size, id) 
    values
        (?, ?, ?, ?, ?)
26-02-15 10:04:40.128 [Test worker] TRACE org.hibernate.orm.jdbc.bind [ |  | ] - binding parameter (1:VARCHAR) <- [image/jpeg]
26-02-15 10:04:40.128 [Test worker] TRACE org.hibernate.orm.jdbc.bind [ |  | ] - binding parameter (2:TIMESTAMP_UTC) <- [2026-02-15T01:04:40.128679900Z]
26-02-15 10:04:40.128 [Test worker] TRACE org.hibernate.orm.jdbc.bind [ |  | ] - binding parameter (3:VARCHAR) <- [test.jpg]
26-02-15 10:04:40.128 [Test worker] TRACE org.hibernate.orm.jdbc.bind [ |  | ] - binding parameter (4:BIGINT) <- [1024]
26-02-15 10:04:40.128 [Test worker] TRACE org.hibernate.orm.jdbc.bind [ |  | ] - binding parameter (5:UUID) <- [3c5130d1-06bd-4200-9bec-74a4bb21f028]
26-02-15 10:04:40.128 [Test worker] DEBUG org.hibernate.SQL [ |  | ] - 
    insert 
    into
        users
        (created_at, email, password, profile_id, updated_at, username, id) 
    values
        (?, ?, ?, ?, ?, ?, ?)
Hibernate: 
    insert 
    into
        users
        (created_at, email, password, profile_id, updated_at, username, id) 
    values
        (?, ?, ?, ?, ?, ?, ?)
26-02-15 10:04:40.133 [Test worker] TRACE org.hibernate.orm.jdbc.bind [ |  | ] - binding parameter (1:TIMESTAMP_UTC) <- [2026-02-15T01:04:40.128679900Z]
26-02-15 10:04:40.133 [Test worker] TRACE org.hibernate.orm.jdbc.bind [ |  | ] - binding parameter (2:VARCHAR) <- [test@codeit.com]
26-02-15 10:04:40.133 [Test worker] TRACE org.hibernate.orm.jdbc.bind [ |  | ] - binding parameter (3:VARCHAR) <- [password123]
26-02-15 10:04:40.133 [Test worker] TRACE org.hibernate.orm.jdbc.bind [ |  | ] - binding parameter (4:UUID) <- [3c5130d1-06bd-4200-9bec-74a4bb21f028]
26-02-15 10:04:40.133 [Test worker] TRACE org.hibernate.orm.jdbc.bind [ |  | ] - binding parameter (5:TIMESTAMP_UTC) <- [2026-02-15T01:04:40.128679900Z]
26-02-15 10:04:40.133 [Test worker] TRACE org.hibernate.orm.jdbc.bind [ |  | ] - binding parameter (6:VARCHAR) <- [test]
26-02-15 10:04:40.133 [Test worker] TRACE org.hibernate.orm.jdbc.bind [ |  | ] - binding parameter (7:UUID) <- [6254ef1f-cd1a-4834-ac30-56e86cdfd00d]
26-02-15 10:04:40.133 [Test worker] DEBUG org.hibernate.SQL [ |  | ] - 
    select
        u1_0.id,
        u1_0.created_at,
        u1_0.email,
        u1_0.password,
        p1_0.id,
        p1_0.content_type,
        p1_0.created_at,
        p1_0.file_name,
        p1_0.size,
        u1_0.updated_at,
        us1_0.id,
        us1_0.created_at,
        us1_0.last_active_at,
        us1_0.updated_at,
        us1_0.user_id,
        u1_0.username 
    from
        users u1_0 
    left join
        binary_contents p1_0 
            on p1_0.id=u1_0.profile_id 
    left join
        user_statuses us1_0 
            on u1_0.id=us1_0.user_id 
    where
        u1_0.username=?
Hibernate: 
    select
        u1_0.id,
        u1_0.created_at,
        u1_0.email,
        u1_0.password,
        p1_0.id,
        p1_0.content_type,
        p1_0.created_at,
        p1_0.file_name,
        p1_0.size,
        u1_0.updated_at,
        us1_0.id,
        us1_0.created_at,
        us1_0.last_active_at,
        us1_0.updated_at,
        us1_0.user_id,
        u1_0.username 
    from
        users u1_0 
    left join
        binary_contents p1_0 
            on p1_0.id=u1_0.profile_id 
    left join
        user_statuses us1_0 
            on u1_0.id=us1_0.user_id 
    where
        u1_0.username=?
26-02-15 10:04:40.133 [Test worker] TRACE org.hibernate.orm.jdbc.bind [ |  | ] - binding parameter (1:VARCHAR) <- [test]
26-02-15 10:04:40.149 [Test worker] DEBUG org.hibernate.SQL [ |  | ] - 
    select
        u1_0.id,
        u1_0.created_at,
        u1_0.email,
        u1_0.password,
        p1_0.id,
        p1_0.content_type,
        p1_0.created_at,
        p1_0.file_name,
        p1_0.size,
        u1_0.updated_at,
        us1_0.id,
        us1_0.created_at,
        us1_0.last_active_at,
        us1_0.updated_at,
        us1_0.user_id,
        u1_0.username 
    from
        users u1_0 
    left join
        binary_contents p1_0 
            on p1_0.id=u1_0.profile_id 
    left join
        user_statuses us1_0 
            on u1_0.id=us1_0.user_id 
    where
        u1_0.username=?
Hibernate: 
    select
        u1_0.id,
        u1_0.created_at,
        u1_0.email,
        u1_0.password,
        p1_0.id,
        p1_0.content_type,
        p1_0.created_at,
        p1_0.file_name,
        p1_0.size,
        u1_0.updated_at,
        us1_0.id,
        us1_0.created_at,
        us1_0.last_active_at,
        us1_0.updated_at,
        us1_0.user_id,
        u1_0.username 
    from
        users u1_0 
    left join
        binary_contents p1_0 
            on p1_0.id=u1_0.profile_id 
    left join
        user_statuses us1_0 
            on u1_0.id=us1_0.user_id 
    where
        u1_0.username=?
26-02-15 10:04:40.149 [Test worker] TRACE org.hibernate.orm.jdbc.bind [ |  | ] - binding parameter (1:VARCHAR) <- [nonExistUser]
26-02-15 10:04:40.159 [Test worker] DEBUG org.hibernate.SQL [ |  | ] - 
    insert 
    into
        binary_contents
        (content_type, created_at, file_name, size, id) 
    values
        (?, ?, ?, ?, ?)
Hibernate: 
    insert 
    into
        binary_contents
        (content_type, created_at, file_name, size, id) 
    values
        (?, ?, ?, ?, ?)
26-02-15 10:04:40.159 [Test worker] TRACE org.hibernate.orm.jdbc.bind [ |  | ] - binding parameter (1:VARCHAR) <- [image/jpeg]
26-02-15 10:04:40.159 [Test worker] TRACE org.hibernate.orm.jdbc.bind [ |  | ] - binding parameter (2:TIMESTAMP_UTC) <- [2026-02-15T01:04:40.159379100Z]
26-02-15 10:04:40.159 [Test worker] TRACE org.hibernate.orm.jdbc.bind [ |  | ] - binding parameter (3:VARCHAR) <- [test.jpg]
26-02-15 10:04:40.159 [Test worker] TRACE org.hibernate.orm.jdbc.bind [ |  | ] - binding parameter (4:BIGINT) <- [1024]
26-02-15 10:04:40.159 [Test worker] TRACE org.hibernate.orm.jdbc.bind [ |  | ] - binding parameter (5:UUID) <- [3e3909ba-91b1-45a3-94aa-71a1fcb93a58]
26-02-15 10:04:40.159 [Test worker] DEBUG org.hibernate.SQL [ |  | ] - 
    insert 
    into
        users
        (created_at, email, password, profile_id, updated_at, username, id) 
    values
        (?, ?, ?, ?, ?, ?, ?)
Hibernate: 
    insert 
    into
        users
        (created_at, email, password, profile_id, updated_at, username, id) 
    values
        (?, ?, ?, ?, ?, ?, ?)
26-02-15 10:04:40.159 [Test worker] TRACE org.hibernate.orm.jdbc.bind [ |  | ] - binding parameter (1:TIMESTAMP_UTC) <- [2026-02-15T01:04:40.159379100Z]
26-02-15 10:04:40.159 [Test worker] TRACE org.hibernate.orm.jdbc.bind [ |  | ] - binding parameter (2:VARCHAR) <- [test@codeit.com]
26-02-15 10:04:40.159 [Test worker] TRACE org.hibernate.orm.jdbc.bind [ |  | ] - binding parameter (3:VARCHAR) <- [password1234]
26-02-15 10:04:40.159 [Test worker] TRACE org.hibernate.orm.jdbc.bind [ |  | ] - binding parameter (4:UUID) <- [3e3909ba-91b1-45a3-94aa-71a1fcb93a58]
26-02-15 10:04:40.159 [Test worker] TRACE org.hibernate.orm.jdbc.bind [ |  | ] - binding parameter (5:TIMESTAMP_UTC) <- [2026-02-15T01:04:40.159379100Z]
26-02-15 10:04:40.159 [Test worker] TRACE org.hibernate.orm.jdbc.bind [ |  | ] - binding parameter (6:VARCHAR) <- [test]
26-02-15 10:04:40.159 [Test worker] TRACE org.hibernate.orm.jdbc.bind [ |  | ] - binding parameter (7:UUID) <- [eff2eaba-578a-41db-84d5-0fd10fcdc5aa]
26-02-15 10:04:40.172 [Test worker] DEBUG org.hibernate.SQL [ |  | ] - 
    select
        u1_0.id,
        u1_0.created_at,
        u1_0.email,
        u1_0.password,
        p1_0.id,
        p1_0.content_type,
        p1_0.created_at,
        p1_0.file_name,
        p1_0.size,
        u1_0.updated_at,
        us1_0.id,
        us1_0.created_at,
        us1_0.last_active_at,
        us1_0.updated_at,
        us1_0.user_id,
        u1_0.username 
    from
        users u1_0 
    left join
        binary_contents p1_0 
            on p1_0.id=u1_0.profile_id 
    left join
        user_statuses us1_0 
            on u1_0.id=us1_0.user_id 
    where
        u1_0.username=?
Hibernate: 
    select
        u1_0.id,
        u1_0.created_at,
        u1_0.email,
        u1_0.password,
        p1_0.id,
        p1_0.content_type,
        p1_0.created_at,
        p1_0.file_name,
        p1_0.size,
        u1_0.updated_at,
        us1_0.id,
        us1_0.created_at,
        us1_0.last_active_at,
        us1_0.updated_at,
        us1_0.user_id,
        u1_0.username 
    from
        users u1_0 
    left join
        binary_contents p1_0 
            on p1_0.id=u1_0.profile_id 
    left join
        user_statuses us1_0 
            on u1_0.id=us1_0.user_id 
    where
        u1_0.username=?
26-02-15 10:04:40.174 [Test worker] TRACE org.hibernate.orm.jdbc.bind [ |  | ] - binding parameter (1:VARCHAR) <- [test]
26-02-15 10:04:40.190 [Test worker] DEBUG org.hibernate.SQL [ |  | ] - 
    insert 
    into
        binary_contents
        (content_type, created_at, file_name, size, id) 
    values
        (?, ?, ?, ?, ?)
Hibernate: 
    insert 
    into
        binary_contents
        (content_type, created_at, file_name, size, id) 
    values
        (?, ?, ?, ?, ?)
26-02-15 10:04:40.190 [Test worker] TRACE org.hibernate.orm.jdbc.bind [ |  | ] - binding parameter (1:VARCHAR) <- [image/jpeg]
26-02-15 10:04:40.192 [Test worker] TRACE org.hibernate.orm.jdbc.bind [ |  | ] - binding parameter (2:TIMESTAMP_UTC) <- [2026-02-15T01:04:40.184852500Z]
26-02-15 10:04:40.192 [Test worker] TRACE org.hibernate.orm.jdbc.bind [ |  | ] - binding parameter (3:VARCHAR) <- [test.jpg]
26-02-15 10:04:40.192 [Test worker] TRACE org.hibernate.orm.jdbc.bind [ |  | ] - binding parameter (4:BIGINT) <- [1024]
26-02-15 10:04:40.192 [Test worker] TRACE org.hibernate.orm.jdbc.bind [ |  | ] - binding parameter (5:UUID) <- [e0f7ba86-a056-40d1-b1f4-0aae437a3760]
26-02-15 10:04:40.192 [Test worker] DEBUG org.hibernate.SQL [ |  | ] - 
    insert 
    into
        users
        (created_at, email, password, profile_id, updated_at, username, id) 
    values
        (?, ?, ?, ?, ?, ?, ?)
Hibernate: 
    insert 
    into
        users
        (created_at, email, password, profile_id, updated_at, username, id) 
    values
        (?, ?, ?, ?, ?, ?, ?)
26-02-15 10:04:40.192 [Test worker] TRACE org.hibernate.orm.jdbc.bind [ |  | ] - binding parameter (1:TIMESTAMP_UTC) <- [2026-02-15T01:04:40.184852500Z]
26-02-15 10:04:40.192 [Test worker] TRACE org.hibernate.orm.jdbc.bind [ |  | ] - binding parameter (2:VARCHAR) <- [test@codeit.com]
26-02-15 10:04:40.192 [Test worker] TRACE org.hibernate.orm.jdbc.bind [ |  | ] - binding parameter (3:VARCHAR) <- [password1234]
26-02-15 10:04:40.192 [Test worker] TRACE org.hibernate.orm.jdbc.bind [ |  | ] - binding parameter (4:UUID) <- [e0f7ba86-a056-40d1-b1f4-0aae437a3760]
26-02-15 10:04:40.192 [Test worker] TRACE org.hibernate.orm.jdbc.bind [ |  | ] - binding parameter (5:TIMESTAMP_UTC) <- [2026-02-15T01:04:40.184852500Z]
26-02-15 10:04:40.196 [Test worker] TRACE org.hibernate.orm.jdbc.bind [ |  | ] - binding parameter (6:VARCHAR) <- [test]
26-02-15 10:04:40.196 [Test worker] TRACE org.hibernate.orm.jdbc.bind [ |  | ] - binding parameter (7:UUID) <- [4e2632fa-4af4-4f7f-9ac2-a8f31e5f9553]
26-02-15 10:04:40.196 [Test worker] DEBUG org.hibernate.SQL [ |  | ] - 
    select
        u1_0.id 
    from
        users u1_0 
    where
        u1_0.email=? 
    fetch
        first ? rows only
Hibernate: 
    select
        u1_0.id 
    from
        users u1_0 
    where
        u1_0.email=? 
    fetch
        first ? rows only
26-02-15 10:04:40.196 [Test worker] TRACE org.hibernate.orm.jdbc.bind [ |  | ] - binding parameter (1:VARCHAR) <- [test@codeit.com]
26-02-15 10:04:40.196 [Test worker] TRACE org.hibernate.orm.jdbc.bind [ |  | ] - binding parameter (2:INTEGER) <- [1]
]]></system-out>
  <system-err><![CDATA[]]></system-err>
</testsuite>
