<?xml version="1.0" encoding="UTF-8"?>
<testsuite name="com.sprint.mission.discodeit.unitTest.ReadStatusServiceTest" tests="4" skipped="0" failures="0" errors="0" timestamp="2026-02-15T01:04:41.556Z" hostname="DESKTOP-0JVG8OV" time="0.092">
  <properties/>
  <testcase name="읽음 상태 생성 실패 - 이미 존재함" classname="com.sprint.mission.discodeit.unitTest.ReadStatusServiceTest" time="0.073"/>
  <testcase name="사용자 ID로 모든 읽음 상태 조회 성공" classname="com.sprint.mission.discodeit.unitTest.ReadStatusServiceTest" time="0.004"/>
  <testcase name="읽음 상태 생성 성공" classname="com.sprint.mission.discodeit.unitTest.ReadStatusServiceTest" time="0.005"/>
  <testcase name="읽음 상태 업데이트 성공" classname="com.sprint.mission.discodeit.unitTest.ReadStatusServiceTest" time="0.007"/>
  <system-out><![CDATA[]]></system-out>
  <system-err><![CDATA[]]></system-err>
</testsuite>
