<?xml version="1.0" encoding="UTF-8"?>
<testsuite name="com.sprint.mission.discodeit.unitTest.BinaryContentServiceTest" tests="3" skipped="0" failures="0" errors="0" timestamp="2026-02-15T01:04:40.765Z" hostname="DESKTOP-0JVG8OV" time="0.241">
  <properties/>
  <testcase name="파일 삭제 실패 - 존재하지 않는 파일" classname="com.sprint.mission.discodeit.unitTest.BinaryContentServiceTest" time="0.221"/>
  <testcase name="파일 삭제 성공" classname="com.sprint.mission.discodeit.unitTest.BinaryContentServiceTest" time="0.006"/>
  <testcase name="파일 생성 성공" classname="com.sprint.mission.discodeit.unitTest.BinaryContentServiceTest" time="0.013"/>
  <system-out><![CDATA[26-02-15 10:04:40.984 [Test worker] INFO  c.s.m.d.s.b.BasicBinaryContentService [ |  | ] - Service: 파일 삭제 요청 - ID: 55a7b5f0-3eee-487f-8d71-27b0b29152fe
26-02-15 10:04:40.984 [Test worker] WARN  c.s.m.d.s.b.BasicBinaryContentService [ |  | ] - Service: 파일 삭제 실패(존재하지 않는 아이디) - ID: 55a7b5f0-3eee-487f-8d71-27b0b29152fe
26-02-15 10:04:40.999 [Test worker] INFO  c.s.m.d.s.b.BasicBinaryContentService [ |  | ] - Service: 파일 삭제 요청 - ID: 78c7f5a6-ef7a-46c5-9963-2aa4467cd33c
26-02-15 10:04:40.999 [Test worker] INFO  c.s.m.d.s.b.BasicBinaryContentService [ |  | ] - Service: 파일 DB 삭제 완료 - ID: 78c7f5a6-ef7a-46c5-9963-2aa4467cd33c
26-02-15 10:04:41.015 [Test worker] INFO  c.s.m.d.s.b.BasicBinaryContentService [ |  | ] - Service: 파일 업로드 요청 - 파일명: test.jpg, 크기: 12 bytes, 타입: image/jpeg
26-02-15 10:04:41.015 [Test worker] INFO  c.s.m.d.s.b.BasicBinaryContentService [ |  | ] - Service: 파일 업로드 완료 - ID: 45968a9b-092f-4de6-afc4-f4da567f677f
]]></system-out>
  <system-err><![CDATA[]]></system-err>
</testsuite>
