<?xml version="1.0" encoding="UTF-8"?>
<testsuite name="com.sprint.mission.discodeit.repository.ChannelRepositoryTest" tests="3" skipped="0" failures="0" errors="0" timestamp="2026-02-15T01:04:39.951Z" hostname="DESKTOP-0JVG8OV" time="0.107">
  <properties/>
  <testcase name="타입이 PUBLIC이거나 ID 목록에 포함된 채널을 모두 조회" classname="com.sprint.mission.discodeit.repository.ChannelRepositoryTest" time="0.052"/>
  <testcase name="ID 목록이 비어있으면 타입이 PUBLIC인 채널만 조회" classname="com.sprint.mission.discodeit.repository.ChannelRepositoryTest" time="0.028"/>
  <testcase name="Public 채널 저장 테스트" classname="com.sprint.mission.discodeit.repository.ChannelRepositoryTest" time="0.024"/>
  <system-out><![CDATA[26-02-15 10:04:39.941 [Test worker] INFO  o.s.t.c.s.AnnotationConfigContextLoaderUtils [ |  | ] - Could not detect default configuration classes for test class [com.sprint.mission.discodeit.repository.ChannelRepositoryTest]: ChannelRepositoryTest does not declare any static, non-private, non-final, nested classes annotated with @Configuration.
26-02-15 10:04:39.943 [Test worker] INFO  o.s.b.t.c.SpringBootTestContextBootstrapper [ |  | ] - Found @SpringBootConfiguration com.sprint.mission.discodeit.DiscodeitApplication for test class com.sprint.mission.discodeit.repository.ChannelRepositoryTest
26-02-15 10:04:39.955 [Test worker] DEBUG org.hibernate.SQL [ |  | ] - 
    insert 
    into
        channels
        (created_at, description, name, type, updated_at, id) 
    values
        (?, ?, ?, ?, ?, ?)
Hibernate: 
    insert 
    into
        channels
        (created_at, description, name, type, updated_at, id) 
    values
        (?, ?, ?, ?, ?, ?)
26-02-15 10:04:39.955 [Test worker] TRACE org.hibernate.orm.jdbc.bind [ |  | ] - binding parameter (1:TIMESTAMP_UTC) <- [2026-02-15T01:04:39.955225400Z]
26-02-15 10:04:39.955 [Test worker] TRACE org.hibernate.orm.jdbc.bind [ |  | ] - binding parameter (2:VARCHAR) <- [Description for 공개채널1]
26-02-15 10:04:39.955 [Test worker] TRACE org.hibernate.orm.jdbc.bind [ |  | ] - binding parameter (3:VARCHAR) <- [공개채널1]
26-02-15 10:04:39.955 [Test worker] TRACE org.hibernate.orm.jdbc.bind [ |  | ] - binding parameter (4:VARCHAR) <- [PUBLIC]
26-02-15 10:04:39.955 [Test worker] TRACE org.hibernate.orm.jdbc.bind [ |  | ] - binding parameter (5:TIMESTAMP_UTC) <- [2026-02-15T01:04:39.955225400Z]
26-02-15 10:04:39.955 [Test worker] TRACE org.hibernate.orm.jdbc.bind [ |  | ] - binding parameter (6:UUID) <- [d8772bd5-6a61-4a0b-88d3-0b8066af3667]
26-02-15 10:04:39.955 [Test worker] DEBUG org.hibernate.SQL [ |  | ] - 
    insert 
    into
        channels
        (created_at, description, name, type, updated_at, id) 
    values
        (?, ?, ?, ?, ?, ?)
Hibernate: 
    insert 
    into
        channels
        (created_at, description, name, type, updated_at, id) 
    values
        (?, ?, ?, ?, ?, ?)
26-02-15 10:04:39.955 [Test worker] TRACE org.hibernate.orm.jdbc.bind [ |  | ] - binding parameter (1:TIMESTAMP_UTC) <- [2026-02-15T01:04:39.955225400Z]
26-02-15 10:04:39.955 [Test worker] TRACE org.hibernate.orm.jdbc.bind [ |  | ] - binding parameter (2:VARCHAR) <- [Description for 공개채널2]
26-02-15 10:04:39.955 [Test worker] TRACE org.hibernate.orm.jdbc.bind [ |  | ] - binding parameter (3:VARCHAR) <- [공개채널2]
26-02-15 10:04:39.955 [Test worker] TRACE org.hibernate.orm.jdbc.bind [ |  | ] - binding parameter (4:VARCHAR) <- [PUBLIC]
26-02-15 10:04:39.955 [Test worker] TRACE org.hibernate.orm.jdbc.bind [ |  | ] - binding parameter (5:TIMESTAMP_UTC) <- [2026-02-15T01:04:39.955225400Z]
26-02-15 10:04:39.955 [Test worker] TRACE org.hibernate.orm.jdbc.bind [ |  | ] - binding parameter (6:UUID) <- [55d69864-ab62-4e34-935f-e33199be9be9]
26-02-15 10:04:39.965 [Test worker] DEBUG org.hibernate.SQL [ |  | ] - 
    insert 
    into
        channels
        (created_at, description, name, type, updated_at, id) 
    values
        (?, ?, ?, ?, ?, ?)
Hibernate: 
    insert 
    into
        channels
        (created_at, description, name, type, updated_at, id) 
    values
        (?, ?, ?, ?, ?, ?)
26-02-15 10:04:39.965 [Test worker] TRACE org.hibernate.orm.jdbc.bind [ |  | ] - binding parameter (1:TIMESTAMP_UTC) <- [2026-02-15T01:04:39.955225400Z]
26-02-15 10:04:39.965 [Test worker] TRACE org.hibernate.orm.jdbc.bind [ |  | ] - binding parameter (2:VARCHAR) <- [Description for 비공개채널1]
26-02-15 10:04:39.965 [Test worker] TRACE org.hibernate.orm.jdbc.bind [ |  | ] - binding parameter (3:VARCHAR) <- [비공개채널1]
26-02-15 10:04:39.965 [Test worker] TRACE org.hibernate.orm.jdbc.bind [ |  | ] - binding parameter (4:VARCHAR) <- [PRIVATE]
26-02-15 10:04:39.965 [Test worker] TRACE org.hibernate.orm.jdbc.bind [ |  | ] - binding parameter (5:TIMESTAMP_UTC) <- [2026-02-15T01:04:39.955225400Z]
26-02-15 10:04:39.965 [Test worker] TRACE org.hibernate.orm.jdbc.bind [ |  | ] - binding parameter (6:UUID) <- [00b3a536-c82b-4ae3-b091-60cc9f112af2]
26-02-15 10:04:39.965 [Test worker] DEBUG org.hibernate.SQL [ |  | ] - 
    insert 
    into
        channels
        (created_at, description, name, type, updated_at, id) 
    values
        (?, ?, ?, ?, ?, ?)
Hibernate: 
    insert 
    into
        channels
        (created_at, description, name, type, updated_at, id) 
    values
        (?, ?, ?, ?, ?, ?)
26-02-15 10:04:39.965 [Test worker] TRACE org.hibernate.orm.jdbc.bind [ |  | ] - binding parameter (1:TIMESTAMP_UTC) <- [2026-02-15T01:04:39.965003300Z]
26-02-15 10:04:39.965 [Test worker] TRACE org.hibernate.orm.jdbc.bind [ |  | ] - binding parameter (2:VARCHAR) <- [Description for 비공개채널2]
26-02-15 10:04:39.965 [Test worker] TRACE org.hibernate.orm.jdbc.bind [ |  | ] - binding parameter (3:VARCHAR) <- [비공개채널2]
26-02-15 10:04:39.965 [Test worker] TRACE org.hibernate.orm.jdbc.bind [ |  | ] - binding parameter (4:VARCHAR) <- [PRIVATE]
26-02-15 10:04:39.965 [Test worker] TRACE org.hibernate.orm.jdbc.bind [ |  | ] - binding parameter (5:TIMESTAMP_UTC) <- [2026-02-15T01:04:39.965003300Z]
26-02-15 10:04:39.965 [Test worker] TRACE org.hibernate.orm.jdbc.bind [ |  | ] - binding parameter (6:UUID) <- [a5889d93-b218-44e2-9c17-4236155a80fd]
26-02-15 10:04:39.981 [Test worker] DEBUG org.hibernate.SQL [ |  | ] - 
    select
        c1_0.id,
        c1_0.created_at,
        c1_0.description,
        c1_0.name,
        c1_0.type,
        c1_0.updated_at 
    from
        channels c1_0 
    where
        c1_0.type=? 
        or c1_0.id in (?)
Hibernate: 
    select
        c1_0.id,
        c1_0.created_at,
        c1_0.description,
        c1_0.name,
        c1_0.type,
        c1_0.updated_at 
    from
        channels c1_0 
    where
        c1_0.type=? 
        or c1_0.id in (?)
26-02-15 10:04:39.981 [Test worker] TRACE org.hibernate.orm.jdbc.bind [ |  | ] - binding parameter (1:VARCHAR) <- [PUBLIC]
26-02-15 10:04:39.981 [Test worker] TRACE org.hibernate.orm.jdbc.bind [ |  | ] - binding parameter (2:UUID) <- [00b3a536-c82b-4ae3-b091-60cc9f112af2]
26-02-15 10:04:40.002 [Test worker] DEBUG org.hibernate.SQL [ |  | ] - 
    insert 
    into
        channels
        (created_at, description, name, type, updated_at, id) 
    values
        (?, ?, ?, ?, ?, ?)
Hibernate: 
    insert 
    into
        channels
        (created_at, description, name, type, updated_at, id) 
    values
        (?, ?, ?, ?, ?, ?)
26-02-15 10:04:40.002 [Test worker] TRACE org.hibernate.orm.jdbc.bind [ |  | ] - binding parameter (1:TIMESTAMP_UTC) <- [2026-02-15T01:04:40.002008700Z]
26-02-15 10:04:40.013 [Test worker] TRACE org.hibernate.orm.jdbc.bind [ |  | ] - binding parameter (2:VARCHAR) <- [Description for 공개채널1]
26-02-15 10:04:40.013 [Test worker] TRACE org.hibernate.orm.jdbc.bind [ |  | ] - binding parameter (3:VARCHAR) <- [공개채널1]
26-02-15 10:04:40.013 [Test worker] TRACE org.hibernate.orm.jdbc.bind [ |  | ] - binding parameter (4:VARCHAR) <- [PUBLIC]
26-02-15 10:04:40.013 [Test worker] TRACE org.hibernate.orm.jdbc.bind [ |  | ] - binding parameter (5:TIMESTAMP_UTC) <- [2026-02-15T01:04:40.002008700Z]
26-02-15 10:04:40.013 [Test worker] TRACE org.hibernate.orm.jdbc.bind [ |  | ] - binding parameter (6:UUID) <- [a9ff2579-55ce-4126-ac9f-0cbf41a3010a]
26-02-15 10:04:40.013 [Test worker] DEBUG org.hibernate.SQL [ |  | ] - 
    insert 
    into
        channels
        (created_at, description, name, type, updated_at, id) 
    values
        (?, ?, ?, ?, ?, ?)
Hibernate: 
    insert 
    into
        channels
        (created_at, description, name, type, updated_at, id) 
    values
        (?, ?, ?, ?, ?, ?)
26-02-15 10:04:40.013 [Test worker] TRACE org.hibernate.orm.jdbc.bind [ |  | ] - binding parameter (1:TIMESTAMP_UTC) <- [2026-02-15T01:04:40.013035800Z]
26-02-15 10:04:40.013 [Test worker] TRACE org.hibernate.orm.jdbc.bind [ |  | ] - binding parameter (2:VARCHAR) <- [Description for 공개채널2]
26-02-15 10:04:40.013 [Test worker] TRACE org.hibernate.orm.jdbc.bind [ |  | ] - binding parameter (3:VARCHAR) <- [공개채널2]
26-02-15 10:04:40.013 [Test worker] TRACE org.hibernate.orm.jdbc.bind [ |  | ] - binding parameter (4:VARCHAR) <- [PUBLIC]
26-02-15 10:04:40.013 [Test worker] TRACE org.hibernate.orm.jdbc.bind [ |  | ] - binding parameter (5:TIMESTAMP_UTC) <- [2026-02-15T01:04:40.013035800Z]
26-02-15 10:04:40.013 [Test worker] TRACE org.hibernate.orm.jdbc.bind [ |  | ] - binding parameter (6:UUID) <- [6ac2cede-82da-4de5-a9c0-6fa532cf7314]
26-02-15 10:04:40.013 [Test worker] DEBUG org.hibernate.SQL [ |  | ] - 
    insert 
    into
        channels
        (created_at, description, name, type, updated_at, id) 
    values
        (?, ?, ?, ?, ?, ?)
Hibernate: 
    insert 
    into
        channels
        (created_at, description, name, type, updated_at, id) 
    values
        (?, ?, ?, ?, ?, ?)
26-02-15 10:04:40.013 [Test worker] TRACE org.hibernate.orm.jdbc.bind [ |  | ] - binding parameter (1:TIMESTAMP_UTC) <- [2026-02-15T01:04:40.013035800Z]
26-02-15 10:04:40.013 [Test worker] TRACE org.hibernate.orm.jdbc.bind [ |  | ] - binding parameter (2:VARCHAR) <- [Description for 비공개채널1]
26-02-15 10:04:40.013 [Test worker] TRACE org.hibernate.orm.jdbc.bind [ |  | ] - binding parameter (3:VARCHAR) <- [비공개채널1]
26-02-15 10:04:40.013 [Test worker] TRACE org.hibernate.orm.jdbc.bind [ |  | ] - binding parameter (4:VARCHAR) <- [PRIVATE]
26-02-15 10:04:40.013 [Test worker] TRACE org.hibernate.orm.jdbc.bind [ |  | ] - binding parameter (5:TIMESTAMP_UTC) <- [2026-02-15T01:04:40.013035800Z]
26-02-15 10:04:40.013 [Test worker] TRACE org.hibernate.orm.jdbc.bind [ |  | ] - binding parameter (6:UUID) <- [fface2b6-46f2-4746-b24e-edbee55520c3]
26-02-15 10:04:40.013 [Test worker] DEBUG org.hibernate.SQL [ |  | ] - 
    select
        c1_0.id,
        c1_0.created_at,
        c1_0.description,
        c1_0.name,
        c1_0.type,
        c1_0.updated_at 
    from
        channels c1_0 
    where
        c1_0.type=? 
        or c1_0.id in (?)
Hibernate: 
    select
        c1_0.id,
        c1_0.created_at,
        c1_0.description,
        c1_0.name,
        c1_0.type,
        c1_0.updated_at 
    from
        channels c1_0 
    where
        c1_0.type=? 
        or c1_0.id in (?)
26-02-15 10:04:40.013 [Test worker] TRACE org.hibernate.orm.jdbc.bind [ |  | ] - binding parameter (1:VARCHAR) <- [PUBLIC]
26-02-15 10:04:40.013 [Test worker] TRACE org.hibernate.orm.jdbc.bind [ |  | ] - binding parameter (2:UUID) <- [null]
26-02-15 10:04:40.028 [Test worker] DEBUG org.hibernate.SQL [ |  | ] - 
    insert 
    into
        channels
        (created_at, description, name, type, updated_at, id) 
    values
        (?, ?, ?, ?, ?, ?)
Hibernate: 
    insert 
    into
        channels
        (created_at, description, name, type, updated_at, id) 
    values
        (?, ?, ?, ?, ?, ?)
26-02-15 10:04:40.028 [Test worker] TRACE org.hibernate.orm.jdbc.bind [ |  | ] - binding parameter (1:TIMESTAMP_UTC) <- [2026-02-15T01:04:40.028742700Z]
26-02-15 10:04:40.028 [Test worker] TRACE org.hibernate.orm.jdbc.bind [ |  | ] - binding parameter (2:VARCHAR) <- [Public discussion channel]
26-02-15 10:04:40.028 [Test worker] TRACE org.hibernate.orm.jdbc.bind [ |  | ] - binding parameter (3:VARCHAR) <- [general]
26-02-15 10:04:40.028 [Test worker] TRACE org.hibernate.orm.jdbc.bind [ |  | ] - binding parameter (4:VARCHAR) <- [PUBLIC]
26-02-15 10:04:40.028 [Test worker] TRACE org.hibernate.orm.jdbc.bind [ |  | ] - binding parameter (5:TIMESTAMP_UTC) <- [2026-02-15T01:04:40.028742700Z]
26-02-15 10:04:40.028 [Test worker] TRACE org.hibernate.orm.jdbc.bind [ |  | ] - binding parameter (6:UUID) <- [c8c60851-7105-4a57-a89e-9e99c9bd2e22]
26-02-15 10:04:40.044 [Test worker] DEBUG org.hibernate.SQL [ |  | ] - 
    select
        c1_0.id,
        c1_0.created_at,
        c1_0.description,
        c1_0.name,
        c1_0.type,
        c1_0.updated_at 
    from
        channels c1_0 
    where
        c1_0.id=?
Hibernate: 
    select
        c1_0.id,
        c1_0.created_at,
        c1_0.description,
        c1_0.name,
        c1_0.type,
        c1_0.updated_at 
    from
        channels c1_0 
    where
        c1_0.id=?
26-02-15 10:04:40.044 [Test worker] TRACE org.hibernate.orm.jdbc.bind [ |  | ] - binding parameter (1:UUID) <- [c8c60851-7105-4a57-a89e-9e99c9bd2e22]
]]></system-out>
  <system-err><![CDATA[]]></system-err>
</testsuite>
