<?xml version="1.0" encoding="UTF-8"?>
<testsuite name="com.sprint.mission.discodeit.repository.MessageRepositoryTest" tests="3" skipped="0" failures="0" errors="0" timestamp="2026-02-15T01:04:24.997Z" hostname="DESKTOP-0JVG8OV" time="1.248">
  <properties/>
  <testcase name="커서 기반 페이징 조회 테스트 - 다음 페이지가 있는 경우" classname="com.sprint.mission.discodeit.repository.MessageRepositoryTest" time="1.123"/>
  <testcase name="가장 최근 메시지 1건 조회 테스트" classname="com.sprint.mission.discodeit.repository.MessageRepositoryTest" time="0.043"/>
  <testcase name="첨부파일을 포함한 메시지 저장 테스트" classname="com.sprint.mission.discodeit.repository.MessageRepositoryTest" time="0.076"/>
  <system-out><![CDATA[10:04:16.766 [Test worker] INFO org.springframework.test.context.support.AnnotationConfigContextLoaderUtils -- Could not detect default configuration classes for test class [com.sprint.mission.discodeit.repository.MessageRepositoryTest]: MessageRepositoryTest does not declare any static, non-private, non-final, nested classes annotated with @Configuration.
10:04:17.057 [Test worker] INFO org.springframework.boot.test.context.SpringBootTestContextBootstrapper -- Found @SpringBootConfiguration com.sprint.mission.discodeit.DiscodeitApplication for test class com.sprint.mission.discodeit.repository.MessageRepositoryTest

  .   ____          _            __ _ _
 /\\ / ___'_ __ _ _(_)_ __  __ _ \ \ \ \
( ( )\___ | '_ | '_| | '_ \/ _` | \ \ \ \
 \\/  ___)| |_)| | | | | || (_| |  ) ) ) )
  '  |____| .__|_| |_|_| |_\__, | / / / /
 =========|_|==============|___/=/_/_/_/

 :: Spring Boot ::                (v3.5.8)

26-02-15 10:04:18.196 [background-preinit] INFO  o.h.validator.internal.util.Version [ |  | ] - HV000001: Hibernate Validator 8.0.3.Final
26-02-15 10:04:18.296 [Test worker] INFO  c.s.m.d.r.MessageRepositoryTest [ |  | ] - Starting MessageRepositoryTest using Java 17.0.16 with PID 6864 (started by LEEJAEJOON in C:\myWs\leejaejoon\path\8-sprint-mission)
26-02-15 10:04:18.296 [Test worker] DEBUG c.s.m.d.r.MessageRepositoryTest [ |  | ] - Running with Spring Boot v3.5.8, Spring v6.2.14
26-02-15 10:04:18.296 [Test worker] INFO  c.s.m.d.r.MessageRepositoryTest [ |  | ] - The following 1 profile is active: "test"
26-02-15 10:04:19.231 [Test worker] INFO  o.s.d.r.c.RepositoryConfigurationDelegate [ |  | ] - Bootstrapping Spring Data JPA repositories in DEFAULT mode.
26-02-15 10:04:19.394 [Test worker] INFO  o.s.d.r.c.RepositoryConfigurationDelegate [ |  | ] - Finished Spring Data repository scanning in 148 ms. Found 6 JPA repository interfaces.
26-02-15 10:04:19.498 [Test worker] INFO  o.s.b.t.a.j.TestDatabaseAutoConfiguration$EmbeddedDataSourceBeanFactoryPostProcessor [ |  | ] - Replacing 'dataSource' DataSource bean with embedded version
26-02-15 10:04:19.872 [Test worker] INFO  o.s.j.d.e.EmbeddedDatabaseFactory [ |  | ] - Starting embedded database: url='jdbc:h2:mem:7899d4ef-c9ca-4ad9-9fa2-fb6f5bd2004f;DB_CLOSE_DELAY=-1;DB_CLOSE_ON_EXIT=false', username='sa'
26-02-15 10:04:20.837 [Test worker] INFO  o.h.jpa.internal.util.LogHelper [ |  | ] - HHH000204: Processing PersistenceUnitInfo [name: default]
26-02-15 10:04:20.948 [Test worker] INFO  org.hibernate.Version [ |  | ] - HHH000412: Hibernate ORM core version 6.6.36.Final
26-02-15 10:04:21.001 [Test worker] INFO  o.h.c.i.RegionFactoryInitiator [ |  | ] - HHH000026: Second-level cache disabled
26-02-15 10:04:21.473 [Test worker] INFO  o.s.o.j.p.SpringPersistenceUnitInfo [ |  | ] - No LoadTimeWeaver setup: ignoring JPA class transformer
26-02-15 10:04:21.537 [Test worker] WARN  org.hibernate.dialect.Dialect [ |  | ] - HHH000511: The 2.3.232 version for [org.hibernate.dialect.PostgreSQLDialect] is no longer supported, hence certain features may not work properly. The minimum supported version is 12.0.0. Check the community dialects project for available legacy versions.
26-02-15 10:04:21.552 [Test worker] WARN  org.hibernate.orm.deprecation [ |  | ] - HHH90000025: PostgreSQLDialect does not need to be specified explicitly using 'hibernate.dialect' (remove the property setting and it will be selected by default)
26-02-15 10:04:21.584 [Test worker] INFO  o.hibernate.orm.connections.pooling [ |  | ] - HHH10001005: Database info:
	Database JDBC URL [Connecting through datasource 'org.springframework.jdbc.datasource.embedded.EmbeddedDatabaseFactory$EmbeddedDataSourceProxy@1607b56b']
	Database driver: undefined/unknown
	Database version: 2.3.232
	Autocommit mode: undefined/unknown
	Isolation level: undefined/unknown
	Minimum pool size: undefined/unknown
	Maximum pool size: undefined/unknown
26-02-15 10:04:23.293 [Test worker] INFO  o.h.e.t.j.p.i.JtaPlatformInitiator [ |  | ] - HHH000489: No JTA platform available (set 'hibernate.transaction.jta.platform' to enable JTA platform integration)
26-02-15 10:04:23.309 [Test worker] DEBUG org.hibernate.SQL [ |  | ] - 
    set client_min_messages = WARNING
Hibernate: 
    set client_min_messages = WARNING
26-02-15 10:04:23.309 [Test worker] WARN  o.h.t.s.i.ExceptionHandlerLoggedImpl [ |  | ] - GenerationTarget encountered exception accepting command : Error executing DDL "
    set client_min_messages = WARNING" via JDBC [Syntax error in SQL statement "\000d\000a    set [*]client_min_messages = WARNING"; expected "@, AUTOCOMMIT, EXCLUSIVE, IGNORECASE, PASSWORD, SALT, MODE, DATABASE, COLLATION, CLUSTER, DATABASE_EVENT_LISTENER, ALLOW_LITERALS, DEFAULT_TABLE_TYPE, SCHEMA, CATALOG, SCHEMA_SEARCH_PATH, JAVA_OBJECT_SERIALIZER, IGNORE_CATALOGS, SESSION, TRANSACTION, TIME, NON_KEYWORDS, DEFAULT_NULL_ORDERING";]
org.hibernate.tool.schema.spi.CommandAcceptanceException: Error executing DDL "
    set client_min_messages = WARNING" via JDBC [Syntax error in SQL statement "\000d\000a    set [*]client_min_messages = WARNING"; expected "@, AUTOCOMMIT, EXCLUSIVE, IGNORECASE, PASSWORD, SALT, MODE, DATABASE, COLLATION, CLUSTER, DATABASE_EVENT_LISTENER, ALLOW_LITERALS, DEFAULT_TABLE_TYPE, SCHEMA, CATALOG, SCHEMA_SEARCH_PATH, JAVA_OBJECT_SERIALIZER, IGNORE_CATALOGS, SESSION, TRANSACTION, TIME, NON_KEYWORDS, DEFAULT_NULL_ORDERING";]
	at org.hibernate.tool.schema.internal.exec.GenerationTargetToDatabase.accept(GenerationTargetToDatabase.java:94)
	at org.hibernate.tool.schema.internal.Helper.applySqlString(Helper.java:233)
	at org.hibernate.tool.schema.internal.SchemaDropperImpl.dropFromMetadata(SchemaDropperImpl.java:213)
	at org.hibernate.tool.schema.internal.SchemaDropperImpl.performDrop(SchemaDropperImpl.java:186)
	at org.hibernate.tool.schema.internal.SchemaDropperImpl.doDrop(SchemaDropperImpl.java:156)
	at org.hibernate.tool.schema.internal.SchemaDropperImpl.doDrop(SchemaDropperImpl.java:116)
	at org.hibernate.tool.schema.spi.SchemaManagementToolCoordinator.performDatabaseAction(SchemaManagementToolCoordinator.java:238)
	at org.hibernate.tool.schema.spi.SchemaManagementToolCoordinator.lambda$process$5(SchemaManagementToolCoordinator.java:144)
	at java.base/java.util.HashMap.forEach(HashMap.java:1421)
	at org.hibernate.tool.schema.spi.SchemaManagementToolCoordinator.process(SchemaManagementToolCoordinator.java:141)
	at org.hibernate.boot.internal.SessionFactoryObserverForSchemaExport.sessionFactoryCreated(SessionFactoryObserverForSchemaExport.java:37)
	at org.hibernate.internal.SessionFactoryObserverChain.sessionFactoryCreated(SessionFactoryObserverChain.java:35)
	at org.hibernate.internal.SessionFactoryImpl.<init>(SessionFactoryImpl.java:324)
	at org.hibernate.boot.internal.SessionFactoryBuilderImpl.build(SessionFactoryBuilderImpl.java:463)
	at org.hibernate.jpa.boot.internal.EntityManagerFactoryBuilderImpl.build(EntityManagerFactoryBuilderImpl.java:1517)
	at org.springframework.orm.jpa.vendor.SpringHibernateJpaPersistenceProvider.createContainerEntityManagerFactory(SpringHibernateJpaPersistenceProvider.java:66)
	at org.springframework.orm.jpa.LocalContainerEntityManagerFactoryBean.createNativeEntityManagerFactory(LocalContainerEntityManagerFactoryBean.java:390)
	at org.springframework.orm.jpa.AbstractEntityManagerFactoryBean.buildNativeEntityManagerFactory(AbstractEntityManagerFactoryBean.java:419)
	at org.springframework.orm.jpa.AbstractEntityManagerFactoryBean.afterPropertiesSet(AbstractEntityManagerFactoryBean.java:400)
	at org.springframework.orm.jpa.LocalContainerEntityManagerFactoryBean.afterPropertiesSet(LocalContainerEntityManagerFactoryBean.java:366)
	at org.springframework.beans.factory.support.AbstractAutowireCapableBeanFactory.invokeInitMethods(AbstractAutowireCapableBeanFactory.java:1873)
	at org.springframework.beans.factory.support.AbstractAutowireCapableBeanFactory.initializeBean(AbstractAutowireCapableBeanFactory.java:1822)
	at org.springframework.beans.factory.support.AbstractAutowireCapableBeanFactory.doCreateBean(AbstractAutowireCapableBeanFactory.java:607)
	at org.springframework.beans.factory.support.AbstractAutowireCapableBeanFactory.createBean(AbstractAutowireCapableBeanFactory.java:529)
	at org.springframework.beans.factory.support.AbstractBeanFactory.lambda$doGetBean$0(AbstractBeanFactory.java:339)
	at org.springframework.beans.factory.support.DefaultSingletonBeanRegistry.getSingleton(DefaultSingletonBeanRegistry.java:373)
	at org.springframework.beans.factory.support.AbstractBeanFactory.doGetBean(AbstractBeanFactory.java:337)
	at org.springframework.beans.factory.support.AbstractBeanFactory.getBean(AbstractBeanFactory.java:207)
	at org.springframework.context.support.AbstractApplicationContext.finishBeanFactoryInitialization(AbstractApplicationContext.java:973)
	at org.springframework.context.support.AbstractApplicationContext.refresh(AbstractApplicationContext.java:627)
	at org.springframework.boot.SpringApplication.refresh(SpringApplication.java:752)
	at org.springframework.boot.SpringApplication.refreshContext(SpringApplication.java:439)
	at org.springframework.boot.SpringApplication.run(SpringApplication.java:318)
	at org.springframework.boot.test.context.SpringBootContextLoader.lambda$loadContext$3(SpringBootContextLoader.java:144)
	at org.springframework.util.function.ThrowingSupplier.get(ThrowingSupplier.java:58)
	at org.springframework.util.function.ThrowingSupplier.get(ThrowingSupplier.java:46)
	at org.springframework.boot.SpringApplication.withHook(SpringApplication.java:1461)
	at org.springframework.boot.test.context.SpringBootContextLoader$ContextLoaderHook.run(SpringBootContextLoader.java:563)
	at org.springframework.boot.test.context.SpringBootContextLoader.loadContext(SpringBootContextLoader.java:144)
	at org.springframework.boot.test.context.SpringBootContextLoader.loadContext(SpringBootContextLoader.java:110)
	at org.springframework.test.context.cache.DefaultCacheAwareContextLoaderDelegate.loadContextInternal(DefaultCacheAwareContextLoaderDelegate.java:225)
	at org.springframework.test.context.cache.DefaultCacheAwareContextLoaderDelegate.loadContext(DefaultCacheAwareContextLoaderDelegate.java:152)
	at org.springframework.test.context.support.DefaultTestContext.getApplicationContext(DefaultTestContext.java:130)
	at org.springframework.test.context.support.DependencyInjectionTestExecutionListener.injectDependencies(DependencyInjectionTestExecutionListener.java:155)
	at org.springframework.test.context.support.DependencyInjectionTestExecutionListener.prepareTestInstance(DependencyInjectionTestExecutionListener.java:111)
	at org.springframework.test.context.TestContextManager.prepareTestInstance(TestContextManager.java:260)
	at org.springframework.test.context.junit.jupiter.SpringExtension.postProcessTestInstance(SpringExtension.java:159)
	at org.junit.jupiter.engine.descriptor.ClassBasedTestDescriptor.lambda$invokeTestInstancePostProcessors$10(ClassBasedTestDescriptor.java:383)
	at org.junit.jupiter.engine.descriptor.ClassBasedTestDescriptor.executeAndMaskThrowable(ClassBasedTestDescriptor.java:388)
	at org.junit.jupiter.engine.descriptor.ClassBasedTestDescriptor.lambda$invokeTestInstancePostProcessors$11(ClassBasedTestDescriptor.java:382)
	at java.base/java.util.stream.ForEachOps$ForEachOp$OfRef.accept(ForEachOps.java:183)
	at java.base/java.util.stream.ReferencePipeline$3$1.accept(ReferencePipeline.java:197)
	at java.base/java.util.stream.ReferencePipeline$2$1.accept(ReferencePipeline.java:179)
	at java.base/java.util.stream.ReferencePipeline$3$1.accept(ReferencePipeline.java:197)
	at java.base/java.util.ArrayList$ArrayListSpliterator.forEachRemaining(ArrayList.java:1625)
	at java.base/java.util.stream.AbstractPipeline.copyInto(AbstractPipeline.java:509)
	at java.base/java.util.stream.AbstractPipeline.wrapAndCopyInto(AbstractPipeline.java:499)
	at java.base/java.util.stream.ForEachOps$ForEachOp.evaluateSequential(ForEachOps.java:150)
	at java.base/java.util.stream.ForEachOps$ForEachOp$OfRef.evaluateSequential(ForEachOps.java:173)
	at java.base/java.util.stream.AbstractPipeline.evaluate(AbstractPipeline.java:234)
	at java.base/java.util.stream.ReferencePipeline.forEach(ReferencePipeline.java:596)
	at org.junit.jupiter.engine.descriptor.ClassBasedTestDescriptor.invokeTestInstancePostProcessors(ClassBasedTestDescriptor.java:382)
	at org.junit.jupiter.engine.descriptor.ClassBasedTestDescriptor.lambda$instantiateAndPostProcessTestInstance$6(ClassBasedTestDescriptor.java:293)
	at org.junit.platform.engine.support.hierarchical.ThrowableCollector.execute(ThrowableCollector.java:73)
	at org.junit.jupiter.engine.descriptor.ClassBasedTestDescriptor.instantiateAndPostProcessTestInstance(ClassBasedTestDescriptor.java:292)
	at org.junit.jupiter.engine.descriptor.ClassBasedTestDescriptor.lambda$testInstancesProvider$4(ClassBasedTestDescriptor.java:281)
	at java.base/java.util.Optional.orElseGet(Optional.java:364)
	at org.junit.jupiter.engine.descriptor.ClassBasedTestDescriptor.lambda$testInstancesProvider$5(ClassBasedTestDescriptor.java:280)
	at org.junit.jupiter.engine.execution.TestInstancesProvider.getTestInstances(TestInstancesProvider.java:27)
	at org.junit.jupiter.engine.descriptor.TestMethodTestDescriptor.lambda$prepare$0(TestMethodTestDescriptor.java:112)
	at org.junit.platform.engine.support.hierarchical.ThrowableCollector.execute(ThrowableCollector.java:73)
	at org.junit.jupiter.engine.descriptor.TestMethodTestDescriptor.prepare(TestMethodTestDescriptor.java:111)
	at org.junit.jupiter.engine.descriptor.TestMethodTestDescriptor.prepare(TestMethodTestDescriptor.java:69)
	at org.junit.platform.engine.support.hierarchical.NodeTestTask.lambda$prepare$2(NodeTestTask.java:128)
	at org.junit.platform.engine.support.hierarchical.ThrowableCollector.execute(ThrowableCollector.java:73)
	at org.junit.platform.engine.support.hierarchical.NodeTestTask.prepare(NodeTestTask.java:128)
	at org.junit.platform.engine.support.hierarchical.NodeTestTask.execute(NodeTestTask.java:95)
	at java.base/java.util.ArrayList.forEach(ArrayList.java:1511)
	at org.junit.platform.engine.support.hierarchical.SameThreadHierarchicalTestExecutorService.invokeAll(SameThreadHierarchicalTestExecutorService.java:41)
	at org.junit.platform.engine.support.hierarchical.NodeTestTask.lambda$executeRecursively$6(NodeTestTask.java:160)
	at org.junit.platform.engine.support.hierarchical.ThrowableCollector.execute(ThrowableCollector.java:73)
	at org.junit.platform.engine.support.hierarchical.NodeTestTask.lambda$executeRecursively$8(NodeTestTask.java:146)
	at org.junit.platform.engine.support.hierarchical.Node.around(Node.java:137)
	at org.junit.platform.engine.support.hierarchical.NodeTestTask.lambda$executeRecursively$9(NodeTestTask.java:144)
	at org.junit.platform.engine.support.hierarchical.ThrowableCollector.execute(ThrowableCollector.java:73)
	at org.junit.platform.engine.support.hierarchical.NodeTestTask.executeRecursively(NodeTestTask.java:143)
	at org.junit.platform.engine.support.hierarchical.NodeTestTask.execute(NodeTestTask.java:100)
	at java.base/java.util.ArrayList.forEach(ArrayList.java:1511)
	at org.junit.platform.engine.support.hierarchical.SameThreadHierarchicalTestExecutorService.invokeAll(SameThreadHierarchicalTestExecutorService.java:41)
	at org.junit.platform.engine.support.hierarchical.NodeTestTask.lambda$executeRecursively$6(NodeTestTask.java:160)
	at org.junit.platform.engine.support.hierarchical.ThrowableCollector.execute(ThrowableCollector.java:73)
	at org.junit.platform.engine.support.hierarchical.NodeTestTask.lambda$executeRecursively$8(NodeTestTask.java:146)
	at org.junit.platform.engine.support.hierarchical.Node.around(Node.java:137)
	at org.junit.platform.engine.support.hierarchical.NodeTestTask.lambda$executeRecursively$9(NodeTestTask.java:144)
	at org.junit.platform.engine.support.hierarchical.ThrowableCollector.execute(ThrowableCollector.java:73)
	at org.junit.platform.engine.support.hierarchical.NodeTestTask.executeRecursively(NodeTestTask.java:143)
	at org.junit.platform.engine.support.hierarchical.NodeTestTask.execute(NodeTestTask.java:100)
	at org.junit.platform.engine.support.hierarchical.SameThreadHierarchicalTestExecutorService.submit(SameThreadHierarchicalTestExecutorService.java:35)
	at org.junit.platform.engine.support.hierarchical.HierarchicalTestExecutor.execute(HierarchicalTestExecutor.java:57)
	at org.junit.platform.engine.support.hierarchical.HierarchicalTestEngine.execute(HierarchicalTestEngine.java:54)
	at org.junit.platform.launcher.core.EngineExecutionOrchestrator.execute(EngineExecutionOrchestrator.java:201)
	at org.junit.platform.launcher.core.EngineExecutionOrchestrator.execute(EngineExecutionOrchestrator.java:170)
	at org.junit.platform.launcher.core.EngineExecutionOrchestrator.execute(EngineExecutionOrchestrator.java:94)
	at org.junit.platform.launcher.core.EngineExecutionOrchestrator.lambda$execute$0(EngineExecutionOrchestrator.java:59)
	at org.junit.platform.launcher.core.EngineExecutionOrchestrator.withInterceptedStreams(EngineExecutionOrchestrator.java:142)
	at org.junit.platform.launcher.core.EngineExecutionOrchestrator.execute(EngineExecutionOrchestrator.java:58)
	at org.junit.platform.launcher.core.DefaultLauncher.execute(DefaultLauncher.java:103)
	at org.junit.platform.launcher.core.DefaultLauncher.execute(DefaultLauncher.java:85)
	at org.junit.platform.launcher.core.DelegatingLauncher.execute(DelegatingLauncher.java:47)
	at org.junit.platform.launcher.core.InterceptingLauncher.lambda$execute$1(InterceptingLauncher.java:39)
	at org.junit.platform.launcher.core.ClasspathAlignmentCheckingLauncherInterceptor.intercept(ClasspathAlignmentCheckingLauncherInterceptor.java:25)
	at org.junit.platform.launcher.core.InterceptingLauncher.execute(InterceptingLauncher.java:38)
	at org.junit.platform.launcher.core.DelegatingLauncher.execute(DelegatingLauncher.java:47)
	at org.gradle.api.internal.tasks.testing.junitplatform.JUnitPlatformTestClassProcessor$CollectAllTestClassesExecutor.processAllTestClasses(JUnitPlatformTestClassProcessor.java:124)
	at org.gradle.api.internal.tasks.testing.junitplatform.JUnitPlatformTestClassProcessor$CollectAllTestClassesExecutor.access$000(JUnitPlatformTestClassProcessor.java:99)
	at org.gradle.api.internal.tasks.testing.junitplatform.JUnitPlatformTestClassProcessor.stop(JUnitPlatformTestClassProcessor.java:94)
	at org.gradle.api.internal.tasks.testing.SuiteTestClassProcessor.stop(SuiteTestClassProcessor.java:63)
	at java.base/jdk.internal.reflect.NativeMethodAccessorImpl.invoke0(Native Method)
	at java.base/jdk.internal.reflect.NativeMethodAccessorImpl.invoke(NativeMethodAccessorImpl.java:77)
	at java.base/jdk.internal.reflect.DelegatingMethodAccessorImpl.invoke(DelegatingMethodAccessorImpl.java:43)
	at java.base/java.lang.reflect.Method.invoke(Method.java:568)
	at org.gradle.internal.dispatch.ReflectionDispatch.dispatch(ReflectionDispatch.java:36)
	at org.gradle.internal.dispatch.ReflectionDispatch.dispatch(ReflectionDispatch.java:24)
	at org.gradle.internal.dispatch.ContextClassLoaderDispatch.dispatch(ContextClassLoaderDispatch.java:33)
	at org.gradle.internal.dispatch.ProxyDispatchAdapter$DispatchingInvocationHandler.invoke(ProxyDispatchAdapter.java:92)
	at jdk.proxy2/jdk.proxy2.$Proxy6.stop(Unknown Source)
	at org.gradle.api.internal.tasks.testing.worker.TestWorker$3.run(TestWorker.java:200)
	at org.gradle.api.internal.tasks.testing.worker.TestWorker.executeAndMaintainThreadName(TestWorker.java:132)
	at org.gradle.api.internal.tasks.testing.worker.TestWorker.execute(TestWorker.java:103)
	at org.gradle.api.internal.tasks.testing.worker.TestWorker.execute(TestWorker.java:63)
	at org.gradle.process.internal.worker.child.ActionExecutionWorker.execute(ActionExecutionWorker.java:56)
	at org.gradle.process.internal.worker.child.SystemApplicationClassLoaderWorker.call(SystemApplicationClassLoaderWorker.java:122)
	at org.gradle.process.internal.worker.child.SystemApplicationClassLoaderWorker.call(SystemApplicationClassLoaderWorker.java:72)
	at worker.org.gradle.process.internal.worker.GradleWorkerMain.run(GradleWorkerMain.java:69)
	at worker.org.gradle.process.internal.worker.GradleWorkerMain.main(GradleWorkerMain.java:74)
Caused by: org.h2.jdbc.JdbcSQLSyntaxErrorException: Syntax error in SQL statement "\000d\000a    set [*]client_min_messages = WARNING"; expected "@, AUTOCOMMIT, EXCLUSIVE, IGNORECASE, PASSWORD, SALT, MODE, DATABASE, COLLATION, CLUSTER, DATABASE_EVENT_LISTENER, ALLOW_LITERALS, DEFAULT_TABLE_TYPE, SCHEMA, CATALOG, SCHEMA_SEARCH_PATH, JAVA_OBJECT_SERIALIZER, IGNORE_CATALOGS, SESSION, TRANSACTION, TIME, NON_KEYWORDS, DEFAULT_NULL_ORDERING"; SQL statement:

    set client_min_messages = WARNING [42001-232]
	at org.h2.message.DbException.getJdbcSQLException(DbException.java:514)
	at org.h2.message.DbException.getJdbcSQLException(DbException.java:489)
	at org.h2.message.DbException.getSyntaxError(DbException.java:261)
	at org.h2.command.ParserBase.getSyntaxError(ParserBase.java:762)
	at org.h2.command.Parser.parseSet(Parser.java:7592)
	at org.h2.command.Parser.parsePrepared(Parser.java:614)
	at org.h2.command.Parser.parse(Parser.java:581)
	at org.h2.command.Parser.parse(Parser.java:561)
	at org.h2.command.Parser.prepareCommand(Parser.java:484)
	at org.h2.engine.SessionLocal.prepareLocal(SessionLocal.java:645)
	at org.h2.engine.SessionLocal.prepareCommand(SessionLocal.java:561)
	at org.h2.jdbc.JdbcConnection.prepareCommand(JdbcConnection.java:1164)
	at org.h2.jdbc.JdbcStatement.executeInternal(JdbcStatement.java:245)
	at org.h2.jdbc.JdbcStatement.execute(JdbcStatement.java:231)
	at org.hibernate.tool.schema.internal.exec.GenerationTargetToDatabase.accept(GenerationTargetToDatabase.java:80)
	... 134 common frames omitted
26-02-15 10:04:23.324 [Test worker] DEBUG org.hibernate.SQL [ |  | ] - 
    alter table if exists message_attachments 
       drop constraint if exists FKsd1m8rb8jcpbcnb7rpdue7ctc
Hibernate: 
    alter table if exists message_attachments 
       drop constraint if exists FKsd1m8rb8jcpbcnb7rpdue7ctc
26-02-15 10:04:23.334 [Test worker] DEBUG org.hibernate.SQL [ |  | ] - 
    alter table if exists message_attachments 
       drop constraint if exists FKj7twd218e2gqw9cmlhwvo1rth
Hibernate: 
    alter table if exists message_attachments 
       drop constraint if exists FKj7twd218e2gqw9cmlhwvo1rth
26-02-15 10:04:23.334 [Test worker] DEBUG org.hibernate.SQL [ |  | ] - 
    alter table if exists messages 
       drop constraint if exists FKowtlim26svclkatusptbgi7u1
Hibernate: 
    alter table if exists messages 
       drop constraint if exists FKowtlim26svclkatusptbgi7u1
26-02-15 10:04:23.334 [Test worker] DEBUG org.hibernate.SQL [ |  | ] - 
    alter table if exists messages 
       drop constraint if exists FK3u3ckbhwq9se1cmopk2pq05b2
Hibernate: 
    alter table if exists messages 
       drop constraint if exists FK3u3ckbhwq9se1cmopk2pq05b2
26-02-15 10:04:23.334 [Test worker] DEBUG org.hibernate.SQL [ |  | ] - 
    alter table if exists read_statuses 
       drop constraint if exists FKa38ri44ml4gfdpklx4ahqr8gd
Hibernate: 
    alter table if exists read_statuses 
       drop constraint if exists FKa38ri44ml4gfdpklx4ahqr8gd
26-02-15 10:04:23.334 [Test worker] DEBUG org.hibernate.SQL [ |  | ] - 
    alter table if exists read_statuses 
       drop constraint if exists FKml3k4wr9sj5yxrmj6d0aoib2e
Hibernate: 
    alter table if exists read_statuses 
       drop constraint if exists FKml3k4wr9sj5yxrmj6d0aoib2e
26-02-15 10:04:23.334 [Test worker] DEBUG org.hibernate.SQL [ |  | ] - 
    alter table if exists user_statuses 
       drop constraint if exists FK4lfl3ei2ubchgcxrrpo3pw4mm
Hibernate: 
    alter table if exists user_statuses 
       drop constraint if exists FK4lfl3ei2ubchgcxrrpo3pw4mm
26-02-15 10:04:23.334 [Test worker] DEBUG org.hibernate.SQL [ |  | ] - 
    alter table if exists users 
       drop constraint if exists FKtbudycgrip49xdptogmhfqnso
Hibernate: 
    alter table if exists users 
       drop constraint if exists FKtbudycgrip49xdptogmhfqnso
26-02-15 10:04:23.334 [Test worker] DEBUG org.hibernate.SQL [ |  | ] - 
    drop table if exists binary_contents cascade
Hibernate: 
    drop table if exists binary_contents cascade
26-02-15 10:04:23.340 [Test worker] DEBUG org.hibernate.SQL [ |  | ] - 
    drop table if exists channels cascade
Hibernate: 
    drop table if exists channels cascade
26-02-15 10:04:23.340 [Test worker] DEBUG org.hibernate.SQL [ |  | ] - 
    drop table if exists message_attachments cascade
Hibernate: 
    drop table if exists message_attachments cascade
26-02-15 10:04:23.340 [Test worker] DEBUG org.hibernate.SQL [ |  | ] - 
    drop table if exists messages cascade
Hibernate: 
    drop table if exists messages cascade
26-02-15 10:04:23.340 [Test worker] DEBUG org.hibernate.SQL [ |  | ] - 
    drop table if exists read_statuses cascade
Hibernate: 
    drop table if exists read_statuses cascade
26-02-15 10:04:23.340 [Test worker] DEBUG org.hibernate.SQL [ |  | ] - 
    drop table if exists user_statuses cascade
Hibernate: 
    drop table if exists user_statuses cascade
26-02-15 10:04:23.340 [Test worker] DEBUG org.hibernate.SQL [ |  | ] - 
    drop table if exists users cascade
Hibernate: 
    drop table if exists users cascade
26-02-15 10:04:23.357 [Test worker] DEBUG org.hibernate.SQL [ |  | ] - 
    create table binary_contents (
        created_at timestamp(6) with time zone not null,
        size bigint not null,
        id uuid not null,
        content_type varchar(255) not null,
        file_name varchar(255) not null,
        primary key (id)
    )
Hibernate: 
    create table binary_contents (
        created_at timestamp(6) with time zone not null,
        size bigint not null,
        id uuid not null,
        content_type varchar(255) not null,
        file_name varchar(255) not null,
        primary key (id)
    )
26-02-15 10:04:23.357 [Test worker] DEBUG org.hibernate.SQL [ |  | ] - 
    create table channels (
        created_at timestamp(6) with time zone not null,
        updated_at timestamp(6) with time zone,
        type varchar(10) not null check (type in ('PRIVATE','PUBLIC')),
        id uuid not null,
        name varchar(100),
        description varchar(500),
        primary key (id)
    )
Hibernate: 
    create table channels (
        created_at timestamp(6) with time zone not null,
        updated_at timestamp(6) with time zone,
        type varchar(10) not null check (type in ('PRIVATE','PUBLIC')),
        id uuid not null,
        name varchar(100),
        description varchar(500),
        primary key (id)
    )
26-02-15 10:04:23.357 [Test worker] DEBUG org.hibernate.SQL [ |  | ] - 
    create table message_attachments (
        attachment_id uuid not null unique,
        message_id uuid not null
    )
Hibernate: 
    create table message_attachments (
        attachment_id uuid not null unique,
        message_id uuid not null
    )
26-02-15 10:04:23.367 [Test worker] DEBUG org.hibernate.SQL [ |  | ] - 
    create table messages (
        created_at timestamp(6) with time zone not null,
        updated_at timestamp(6) with time zone,
        author_id uuid not null,
        channel_id uuid not null,
        id uuid not null,
        content varchar(255) not null,
        primary key (id)
    )
Hibernate: 
    create table messages (
        created_at timestamp(6) with time zone not null,
        updated_at timestamp(6) with time zone,
        author_id uuid not null,
        channel_id uuid not null,
        id uuid not null,
        content varchar(255) not null,
        primary key (id)
    )
26-02-15 10:04:23.367 [Test worker] DEBUG org.hibernate.SQL [ |  | ] - 
    create table read_statuses (
        created_at timestamp(6) with time zone not null,
        last_read_at timestamp(6) with time zone,
        updated_at timestamp(6) with time zone,
        channel_id uuid not null,
        id uuid not null,
        user_id uuid not null,
        primary key (id),
        constraint uk_read_status_user_channel unique (user_id, channel_id)
    )
Hibernate: 
    create table read_statuses (
        created_at timestamp(6) with time zone not null,
        last_read_at timestamp(6) with time zone,
        updated_at timestamp(6) with time zone,
        channel_id uuid not null,
        id uuid not null,
        user_id uuid not null,
        primary key (id),
        constraint uk_read_status_user_channel unique (user_id, channel_id)
    )
26-02-15 10:04:23.367 [Test worker] DEBUG org.hibernate.SQL [ |  | ] - 
    create table user_statuses (
        created_at timestamp(6) with time zone not null,
        last_active_at timestamp(6) with time zone not null,
        updated_at timestamp(6) with time zone,
        id uuid not null,
        user_id uuid not null unique,
        primary key (id)
    )
Hibernate: 
    create table user_statuses (
        created_at timestamp(6) with time zone not null,
        last_active_at timestamp(6) with time zone not null,
        updated_at timestamp(6) with time zone,
        id uuid not null,
        user_id uuid not null unique,
        primary key (id)
    )
26-02-15 10:04:23.372 [Test worker] DEBUG org.hibernate.SQL [ |  | ] - 
    create table users (
        created_at timestamp(6) with time zone not null,
        updated_at timestamp(6) with time zone,
        id uuid not null,
        profile_id uuid unique,
        username varchar(50) not null unique,
        password varchar(60) not null,
        email varchar(100) not null unique,
        primary key (id)
    )
Hibernate: 
    create table users (
        created_at timestamp(6) with time zone not null,
        updated_at timestamp(6) with time zone,
        id uuid not null,
        profile_id uuid unique,
        username varchar(50) not null unique,
        password varchar(60) not null,
        email varchar(100) not null unique,
        primary key (id)
    )
26-02-15 10:04:23.372 [Test worker] DEBUG org.hibernate.SQL [ |  | ] - 
    alter table if exists message_attachments 
       add constraint FKsd1m8rb8jcpbcnb7rpdue7ctc 
       foreign key (attachment_id) 
       references binary_contents
Hibernate: 
    alter table if exists message_attachments 
       add constraint FKsd1m8rb8jcpbcnb7rpdue7ctc 
       foreign key (attachment_id) 
       references binary_contents
26-02-15 10:04:23.372 [Test worker] DEBUG org.hibernate.SQL [ |  | ] - 
    alter table if exists message_attachments 
       add constraint FKj7twd218e2gqw9cmlhwvo1rth 
       foreign key (message_id) 
       references messages
Hibernate: 
    alter table if exists message_attachments 
       add constraint FKj7twd218e2gqw9cmlhwvo1rth 
       foreign key (message_id) 
       references messages
26-02-15 10:04:23.372 [Test worker] DEBUG org.hibernate.SQL [ |  | ] - 
    alter table if exists messages 
       add constraint FKowtlim26svclkatusptbgi7u1 
       foreign key (author_id) 
       references users
Hibernate: 
    alter table if exists messages 
       add constraint FKowtlim26svclkatusptbgi7u1 
       foreign key (author_id) 
       references users
26-02-15 10:04:23.372 [Test worker] DEBUG org.hibernate.SQL [ |  | ] - 
    alter table if exists messages 
       add constraint FK3u3ckbhwq9se1cmopk2pq05b2 
       foreign key (channel_id) 
       references channels
Hibernate: 
    alter table if exists messages 
       add constraint FK3u3ckbhwq9se1cmopk2pq05b2 
       foreign key (channel_id) 
       references channels
26-02-15 10:04:23.388 [Test worker] DEBUG org.hibernate.SQL [ |  | ] - 
    alter table if exists read_statuses 
       add constraint FKa38ri44ml4gfdpklx4ahqr8gd 
       foreign key (channel_id) 
       references channels
Hibernate: 
    alter table if exists read_statuses 
       add constraint FKa38ri44ml4gfdpklx4ahqr8gd 
       foreign key (channel_id) 
       references channels
26-02-15 10:04:23.388 [Test worker] DEBUG org.hibernate.SQL [ |  | ] - 
    alter table if exists read_statuses 
       add constraint FKml3k4wr9sj5yxrmj6d0aoib2e 
       foreign key (user_id) 
       references users
Hibernate: 
    alter table if exists read_statuses 
       add constraint FKml3k4wr9sj5yxrmj6d0aoib2e 
       foreign key (user_id) 
       references users
26-02-15 10:04:23.388 [Test worker] DEBUG org.hibernate.SQL [ |  | ] - 
    alter table if exists user_statuses 
       add constraint FK4lfl3ei2ubchgcxrrpo3pw4mm 
       foreign key (user_id) 
       references users
Hibernate: 
    alter table if exists user_statuses 
       add constraint FK4lfl3ei2ubchgcxrrpo3pw4mm 
       foreign key (user_id) 
       references users
26-02-15 10:04:23.388 [Test worker] DEBUG org.hibernate.SQL [ |  | ] - 
    alter table if exists users 
       add constraint FKtbudycgrip49xdptogmhfqnso 
       foreign key (profile_id) 
       references binary_contents
Hibernate: 
    alter table if exists users 
       add constraint FKtbudycgrip49xdptogmhfqnso 
       foreign key (profile_id) 
       references binary_contents
26-02-15 10:04:23.401 [Test worker] INFO  o.s.o.j.LocalContainerEntityManagerFactoryBean [ |  | ] - Initialized JPA EntityManagerFactory for persistence unit 'default'
26-02-15 10:04:23.835 [Test worker] INFO  o.s.d.j.r.query.QueryEnhancerFactory [ |  | ] - Hibernate is in classpath; If applicable, HQL parser will be used.
26-02-15 10:04:24.979 [Test worker] INFO  c.s.m.d.r.MessageRepositoryTest [ |  | ] - Started MessageRepositoryTest in 7.736 seconds (process running for 10.55)
26-02-15 10:04:25.502 [Test worker] DEBUG org.hibernate.SQL [ |  | ] - 
    insert 
    into
        users
        (created_at, email, password, profile_id, updated_at, username, id) 
    values
        (?, ?, ?, ?, ?, ?, ?)
Hibernate: 
    insert 
    into
        users
        (created_at, email, password, profile_id, updated_at, username, id) 
    values
        (?, ?, ?, ?, ?, ?, ?)
26-02-15 10:04:25.518 [Test worker] TRACE org.hibernate.orm.jdbc.bind [ |  | ] - binding parameter (1:TIMESTAMP_UTC) <- [2026-02-15T01:04:25.423541Z]
26-02-15 10:04:25.518 [Test worker] TRACE org.hibernate.orm.jdbc.bind [ |  | ] - binding parameter (2:VARCHAR) <- [test@discodeit.com]
26-02-15 10:04:25.518 [Test worker] TRACE org.hibernate.orm.jdbc.bind [ |  | ] - binding parameter (3:VARCHAR) <- [password123]
26-02-15 10:04:25.518 [Test worker] TRACE org.hibernate.orm.jdbc.bind [ |  | ] - binding parameter (4:UUID) <- [null]
26-02-15 10:04:25.518 [Test worker] TRACE org.hibernate.orm.jdbc.bind [ |  | ] - binding parameter (5:TIMESTAMP_UTC) <- [2026-02-15T01:04:25.423541Z]
26-02-15 10:04:25.518 [Test worker] TRACE org.hibernate.orm.jdbc.bind [ |  | ] - binding parameter (6:VARCHAR) <- [testUser]
26-02-15 10:04:25.518 [Test worker] TRACE org.hibernate.orm.jdbc.bind [ |  | ] - binding parameter (7:UUID) <- [14d0b28f-0340-4b10-a7a9-d42c92d21f08]
26-02-15 10:04:25.550 [Test worker] DEBUG org.hibernate.SQL [ |  | ] - 
    insert 
    into
        channels
        (created_at, description, name, type, updated_at, id) 
    values
        (?, ?, ?, ?, ?, ?)
Hibernate: 
    insert 
    into
        channels
        (created_at, description, name, type, updated_at, id) 
    values
        (?, ?, ?, ?, ?, ?)
26-02-15 10:04:25.550 [Test worker] TRACE org.hibernate.orm.jdbc.bind [ |  | ] - binding parameter (1:TIMESTAMP_UTC) <- [2026-02-15T01:04:25.465204900Z]
26-02-15 10:04:25.550 [Test worker] TRACE org.hibernate.orm.jdbc.bind [ |  | ] - binding parameter (2:VARCHAR) <- [description]
26-02-15 10:04:25.550 [Test worker] TRACE org.hibernate.orm.jdbc.bind [ |  | ] - binding parameter (3:VARCHAR) <- [test channel]
26-02-15 10:04:25.550 [Test worker] TRACE org.hibernate.orm.jdbc.bind [ |  | ] - binding parameter (4:VARCHAR) <- [PUBLIC]
26-02-15 10:04:25.550 [Test worker] TRACE org.hibernate.orm.jdbc.bind [ |  | ] - binding parameter (5:TIMESTAMP_UTC) <- [2026-02-15T01:04:25.465204900Z]
26-02-15 10:04:25.550 [Test worker] TRACE org.hibernate.orm.jdbc.bind [ |  | ] - binding parameter (6:UUID) <- [5781d2bc-a75e-465b-8f9e-5e6fc2839a92]
26-02-15 10:04:25.581 [Test worker] DEBUG org.hibernate.SQL [ |  | ] - 
    insert 
    into
        messages
        (author_id, channel_id, content, created_at, updated_at, id) 
    values
        (?, ?, ?, ?, ?, ?)
Hibernate: 
    insert 
    into
        messages
        (author_id, channel_id, content, created_at, updated_at, id) 
    values
        (?, ?, ?, ?, ?, ?)
26-02-15 10:04:25.581 [Test worker] TRACE org.hibernate.orm.jdbc.bind [ |  | ] - binding parameter (1:UUID) <- [14d0b28f-0340-4b10-a7a9-d42c92d21f08]
26-02-15 10:04:25.581 [Test worker] TRACE org.hibernate.orm.jdbc.bind [ |  | ] - binding parameter (2:UUID) <- [5781d2bc-a75e-465b-8f9e-5e6fc2839a92]
26-02-15 10:04:25.597 [Test worker] TRACE org.hibernate.orm.jdbc.bind [ |  | ] - binding parameter (3:VARCHAR) <- [message 0]
26-02-15 10:04:25.597 [Test worker] TRACE org.hibernate.orm.jdbc.bind [ |  | ] - binding parameter (4:TIMESTAMP_UTC) <- [2026-02-15T01:04:25.565524600Z]
26-02-15 10:04:25.597 [Test worker] TRACE org.hibernate.orm.jdbc.bind [ |  | ] - binding parameter (5:TIMESTAMP_UTC) <- [2026-02-15T01:04:25.565524600Z]
26-02-15 10:04:25.597 [Test worker] TRACE org.hibernate.orm.jdbc.bind [ |  | ] - binding parameter (6:UUID) <- [46d43de5-23f8-4d33-bae0-182a18123cab]
26-02-15 10:04:25.601 [Test worker] DEBUG org.hibernate.SQL [ |  | ] - 
    insert 
    into
        messages
        (author_id, channel_id, content, created_at, updated_at, id) 
    values
        (?, ?, ?, ?, ?, ?)
Hibernate: 
    insert 
    into
        messages
        (author_id, channel_id, content, created_at, updated_at, id) 
    values
        (?, ?, ?, ?, ?, ?)
26-02-15 10:04:25.601 [Test worker] TRACE org.hibernate.orm.jdbc.bind [ |  | ] - binding parameter (1:UUID) <- [14d0b28f-0340-4b10-a7a9-d42c92d21f08]
26-02-15 10:04:25.601 [Test worker] TRACE org.hibernate.orm.jdbc.bind [ |  | ] - binding parameter (2:UUID) <- [5781d2bc-a75e-465b-8f9e-5e6fc2839a92]
26-02-15 10:04:25.601 [Test worker] TRACE org.hibernate.orm.jdbc.bind [ |  | ] - binding parameter (3:VARCHAR) <- [message 1]
26-02-15 10:04:25.601 [Test worker] TRACE org.hibernate.orm.jdbc.bind [ |  | ] - binding parameter (4:TIMESTAMP_UTC) <- [2026-02-15T01:04:25.601216100Z]
26-02-15 10:04:25.601 [Test worker] TRACE org.hibernate.orm.jdbc.bind [ |  | ] - binding parameter (5:TIMESTAMP_UTC) <- [2026-02-15T01:04:25.601216100Z]
26-02-15 10:04:25.601 [Test worker] TRACE org.hibernate.orm.jdbc.bind [ |  | ] - binding parameter (6:UUID) <- [23947424-650e-4c97-b0ad-a743a8b1f919]
26-02-15 10:04:25.601 [Test worker] DEBUG org.hibernate.SQL [ |  | ] - 
    insert 
    into
        messages
        (author_id, channel_id, content, created_at, updated_at, id) 
    values
        (?, ?, ?, ?, ?, ?)
Hibernate: 
    insert 
    into
        messages
        (author_id, channel_id, content, created_at, updated_at, id) 
    values
        (?, ?, ?, ?, ?, ?)
26-02-15 10:04:25.601 [Test worker] TRACE org.hibernate.orm.jdbc.bind [ |  | ] - binding parameter (1:UUID) <- [14d0b28f-0340-4b10-a7a9-d42c92d21f08]
26-02-15 10:04:25.601 [Test worker] TRACE org.hibernate.orm.jdbc.bind [ |  | ] - binding parameter (2:UUID) <- [5781d2bc-a75e-465b-8f9e-5e6fc2839a92]
26-02-15 10:04:25.601 [Test worker] TRACE org.hibernate.orm.jdbc.bind [ |  | ] - binding parameter (3:VARCHAR) <- [message 2]
26-02-15 10:04:25.601 [Test worker] TRACE org.hibernate.orm.jdbc.bind [ |  | ] - binding parameter (4:TIMESTAMP_UTC) <- [2026-02-15T01:04:25.601216100Z]
26-02-15 10:04:25.601 [Test worker] TRACE org.hibernate.orm.jdbc.bind [ |  | ] - binding parameter (5:TIMESTAMP_UTC) <- [2026-02-15T01:04:25.601216100Z]
26-02-15 10:04:25.601 [Test worker] TRACE org.hibernate.orm.jdbc.bind [ |  | ] - binding parameter (6:UUID) <- [b9122e42-8a45-46ff-8956-894e0bf8cf3a]
26-02-15 10:04:25.601 [Test worker] DEBUG org.hibernate.SQL [ |  | ] - 
    insert 
    into
        messages
        (author_id, channel_id, content, created_at, updated_at, id) 
    values
        (?, ?, ?, ?, ?, ?)
Hibernate: 
    insert 
    into
        messages
        (author_id, channel_id, content, created_at, updated_at, id) 
    values
        (?, ?, ?, ?, ?, ?)
26-02-15 10:04:25.601 [Test worker] TRACE org.hibernate.orm.jdbc.bind [ |  | ] - binding parameter (1:UUID) <- [14d0b28f-0340-4b10-a7a9-d42c92d21f08]
26-02-15 10:04:25.612 [Test worker] TRACE org.hibernate.orm.jdbc.bind [ |  | ] - binding parameter (2:UUID) <- [5781d2bc-a75e-465b-8f9e-5e6fc2839a92]
26-02-15 10:04:25.612 [Test worker] TRACE org.hibernate.orm.jdbc.bind [ |  | ] - binding parameter (3:VARCHAR) <- [message 3]
26-02-15 10:04:25.612 [Test worker] TRACE org.hibernate.orm.jdbc.bind [ |  | ] - binding parameter (4:TIMESTAMP_UTC) <- [2026-02-15T01:04:25.601216100Z]
26-02-15 10:04:25.612 [Test worker] TRACE org.hibernate.orm.jdbc.bind [ |  | ] - binding parameter (5:TIMESTAMP_UTC) <- [2026-02-15T01:04:25.601216100Z]
26-02-15 10:04:25.613 [Test worker] TRACE org.hibernate.orm.jdbc.bind [ |  | ] - binding parameter (6:UUID) <- [1c92aa6c-be12-4365-88b1-c35931d2f532]
26-02-15 10:04:25.613 [Test worker] DEBUG org.hibernate.SQL [ |  | ] - 
    insert 
    into
        messages
        (author_id, channel_id, content, created_at, updated_at, id) 
    values
        (?, ?, ?, ?, ?, ?)
Hibernate: 
    insert 
    into
        messages
        (author_id, channel_id, content, created_at, updated_at, id) 
    values
        (?, ?, ?, ?, ?, ?)
26-02-15 10:04:25.613 [Test worker] TRACE org.hibernate.orm.jdbc.bind [ |  | ] - binding parameter (1:UUID) <- [14d0b28f-0340-4b10-a7a9-d42c92d21f08]
26-02-15 10:04:25.613 [Test worker] TRACE org.hibernate.orm.jdbc.bind [ |  | ] - binding parameter (2:UUID) <- [5781d2bc-a75e-465b-8f9e-5e6fc2839a92]
26-02-15 10:04:25.613 [Test worker] TRACE org.hibernate.orm.jdbc.bind [ |  | ] - binding parameter (3:VARCHAR) <- [message 4]
26-02-15 10:04:25.613 [Test worker] TRACE org.hibernate.orm.jdbc.bind [ |  | ] - binding parameter (4:TIMESTAMP_UTC) <- [2026-02-15T01:04:25.613830Z]
26-02-15 10:04:25.613 [Test worker] TRACE org.hibernate.orm.jdbc.bind [ |  | ] - binding parameter (5:TIMESTAMP_UTC) <- [2026-02-15T01:04:25.613830Z]
26-02-15 10:04:25.613 [Test worker] TRACE org.hibernate.orm.jdbc.bind [ |  | ] - binding parameter (6:UUID) <- [cdaaf2de-b9a3-4f75-b6cf-cb4bae0346e9]
26-02-15 10:04:25.613 [Test worker] DEBUG org.hibernate.SQL [ |  | ] - 
    insert 
    into
        messages
        (author_id, channel_id, content, created_at, updated_at, id) 
    values
        (?, ?, ?, ?, ?, ?)
Hibernate: 
    insert 
    into
        messages
        (author_id, channel_id, content, created_at, updated_at, id) 
    values
        (?, ?, ?, ?, ?, ?)
26-02-15 10:04:25.613 [Test worker] TRACE org.hibernate.orm.jdbc.bind [ |  | ] - binding parameter (1:UUID) <- [14d0b28f-0340-4b10-a7a9-d42c92d21f08]
26-02-15 10:04:25.613 [Test worker] TRACE org.hibernate.orm.jdbc.bind [ |  | ] - binding parameter (2:UUID) <- [5781d2bc-a75e-465b-8f9e-5e6fc2839a92]
26-02-15 10:04:25.613 [Test worker] TRACE org.hibernate.orm.jdbc.bind [ |  | ] - binding parameter (3:VARCHAR) <- [message 5]
26-02-15 10:04:25.613 [Test worker] TRACE org.hibernate.orm.jdbc.bind [ |  | ] - binding parameter (4:TIMESTAMP_UTC) <- [2026-02-15T01:04:25.613830Z]
26-02-15 10:04:25.613 [Test worker] TRACE org.hibernate.orm.jdbc.bind [ |  | ] - binding parameter (5:TIMESTAMP_UTC) <- [2026-02-15T01:04:25.613830Z]
26-02-15 10:04:25.613 [Test worker] TRACE org.hibernate.orm.jdbc.bind [ |  | ] - binding parameter (6:UUID) <- [f5a5eca2-9426-4810-bb5d-9598c4255d1a]
26-02-15 10:04:25.625 [Test worker] DEBUG org.hibernate.SQL [ |  | ] - 
    insert 
    into
        messages
        (author_id, channel_id, content, created_at, updated_at, id) 
    values
        (?, ?, ?, ?, ?, ?)
Hibernate: 
    insert 
    into
        messages
        (author_id, channel_id, content, created_at, updated_at, id) 
    values
        (?, ?, ?, ?, ?, ?)
26-02-15 10:04:25.625 [Test worker] TRACE org.hibernate.orm.jdbc.bind [ |  | ] - binding parameter (1:UUID) <- [14d0b28f-0340-4b10-a7a9-d42c92d21f08]
26-02-15 10:04:25.625 [Test worker] TRACE org.hibernate.orm.jdbc.bind [ |  | ] - binding parameter (2:UUID) <- [5781d2bc-a75e-465b-8f9e-5e6fc2839a92]
26-02-15 10:04:25.625 [Test worker] TRACE org.hibernate.orm.jdbc.bind [ |  | ] - binding parameter (3:VARCHAR) <- [message 6]
26-02-15 10:04:25.625 [Test worker] TRACE org.hibernate.orm.jdbc.bind [ |  | ] - binding parameter (4:TIMESTAMP_UTC) <- [2026-02-15T01:04:25.613830Z]
26-02-15 10:04:25.625 [Test worker] TRACE org.hibernate.orm.jdbc.bind [ |  | ] - binding parameter (5:TIMESTAMP_UTC) <- [2026-02-15T01:04:25.613830Z]
26-02-15 10:04:25.625 [Test worker] TRACE org.hibernate.orm.jdbc.bind [ |  | ] - binding parameter (6:UUID) <- [4d2a3319-e1ca-4078-824b-fbb3797acf07]
26-02-15 10:04:25.631 [Test worker] DEBUG org.hibernate.SQL [ |  | ] - 
    insert 
    into
        messages
        (author_id, channel_id, content, created_at, updated_at, id) 
    values
        (?, ?, ?, ?, ?, ?)
Hibernate: 
    insert 
    into
        messages
        (author_id, channel_id, content, created_at, updated_at, id) 
    values
        (?, ?, ?, ?, ?, ?)
26-02-15 10:04:25.631 [Test worker] TRACE org.hibernate.orm.jdbc.bind [ |  | ] - binding parameter (1:UUID) <- [14d0b28f-0340-4b10-a7a9-d42c92d21f08]
26-02-15 10:04:25.631 [Test worker] TRACE org.hibernate.orm.jdbc.bind [ |  | ] - binding parameter (2:UUID) <- [5781d2bc-a75e-465b-8f9e-5e6fc2839a92]
26-02-15 10:04:25.631 [Test worker] TRACE org.hibernate.orm.jdbc.bind [ |  | ] - binding parameter (3:VARCHAR) <- [message 7]
26-02-15 10:04:25.631 [Test worker] TRACE org.hibernate.orm.jdbc.bind [ |  | ] - binding parameter (4:TIMESTAMP_UTC) <- [2026-02-15T01:04:25.628795600Z]
26-02-15 10:04:25.631 [Test worker] TRACE org.hibernate.orm.jdbc.bind [ |  | ] - binding parameter (5:TIMESTAMP_UTC) <- [2026-02-15T01:04:25.628795600Z]
26-02-15 10:04:25.631 [Test worker] TRACE org.hibernate.orm.jdbc.bind [ |  | ] - binding parameter (6:UUID) <- [cb5168b5-19de-4d4e-8c6c-26e48cdb7c48]
26-02-15 10:04:25.631 [Test worker] DEBUG org.hibernate.SQL [ |  | ] - 
    insert 
    into
        messages
        (author_id, channel_id, content, created_at, updated_at, id) 
    values
        (?, ?, ?, ?, ?, ?)
Hibernate: 
    insert 
    into
        messages
        (author_id, channel_id, content, created_at, updated_at, id) 
    values
        (?, ?, ?, ?, ?, ?)
26-02-15 10:04:25.637 [Test worker] TRACE org.hibernate.orm.jdbc.bind [ |  | ] - binding parameter (1:UUID) <- [14d0b28f-0340-4b10-a7a9-d42c92d21f08]
26-02-15 10:04:25.637 [Test worker] TRACE org.hibernate.orm.jdbc.bind [ |  | ] - binding parameter (2:UUID) <- [5781d2bc-a75e-465b-8f9e-5e6fc2839a92]
26-02-15 10:04:25.637 [Test worker] TRACE org.hibernate.orm.jdbc.bind [ |  | ] - binding parameter (3:VARCHAR) <- [message 8]
26-02-15 10:04:25.637 [Test worker] TRACE org.hibernate.orm.jdbc.bind [ |  | ] - binding parameter (4:TIMESTAMP_UTC) <- [2026-02-15T01:04:25.631943500Z]
26-02-15 10:04:25.637 [Test worker] TRACE org.hibernate.orm.jdbc.bind [ |  | ] - binding parameter (5:TIMESTAMP_UTC) <- [2026-02-15T01:04:25.631943500Z]
26-02-15 10:04:25.639 [Test worker] TRACE org.hibernate.orm.jdbc.bind [ |  | ] - binding parameter (6:UUID) <- [0edf6a60-1328-4580-92bf-87b1b96247c1]
26-02-15 10:04:25.639 [Test worker] DEBUG org.hibernate.SQL [ |  | ] - 
    insert 
    into
        messages
        (author_id, channel_id, content, created_at, updated_at, id) 
    values
        (?, ?, ?, ?, ?, ?)
Hibernate: 
    insert 
    into
        messages
        (author_id, channel_id, content, created_at, updated_at, id) 
    values
        (?, ?, ?, ?, ?, ?)
26-02-15 10:04:25.639 [Test worker] TRACE org.hibernate.orm.jdbc.bind [ |  | ] - binding parameter (1:UUID) <- [14d0b28f-0340-4b10-a7a9-d42c92d21f08]
26-02-15 10:04:25.639 [Test worker] TRACE org.hibernate.orm.jdbc.bind [ |  | ] - binding parameter (2:UUID) <- [5781d2bc-a75e-465b-8f9e-5e6fc2839a92]
26-02-15 10:04:25.639 [Test worker] TRACE org.hibernate.orm.jdbc.bind [ |  | ] - binding parameter (3:VARCHAR) <- [message 9]
26-02-15 10:04:25.639 [Test worker] TRACE org.hibernate.orm.jdbc.bind [ |  | ] - binding parameter (4:TIMESTAMP_UTC) <- [2026-02-15T01:04:25.639297800Z]
26-02-15 10:04:25.644 [Test worker] TRACE org.hibernate.orm.jdbc.bind [ |  | ] - binding parameter (5:TIMESTAMP_UTC) <- [2026-02-15T01:04:25.639297800Z]
26-02-15 10:04:25.644 [Test worker] TRACE org.hibernate.orm.jdbc.bind [ |  | ] - binding parameter (6:UUID) <- [e6dd9ea1-9d9e-4622-878b-76f95b480451]
26-02-15 10:04:25.644 [Test worker] DEBUG org.hibernate.SQL [ |  | ] - 
    insert 
    into
        messages
        (author_id, channel_id, content, created_at, updated_at, id) 
    values
        (?, ?, ?, ?, ?, ?)
Hibernate: 
    insert 
    into
        messages
        (author_id, channel_id, content, created_at, updated_at, id) 
    values
        (?, ?, ?, ?, ?, ?)
26-02-15 10:04:25.644 [Test worker] TRACE org.hibernate.orm.jdbc.bind [ |  | ] - binding parameter (1:UUID) <- [14d0b28f-0340-4b10-a7a9-d42c92d21f08]
26-02-15 10:04:25.644 [Test worker] TRACE org.hibernate.orm.jdbc.bind [ |  | ] - binding parameter (2:UUID) <- [5781d2bc-a75e-465b-8f9e-5e6fc2839a92]
26-02-15 10:04:25.644 [Test worker] TRACE org.hibernate.orm.jdbc.bind [ |  | ] - binding parameter (3:VARCHAR) <- [message 10]
26-02-15 10:04:25.644 [Test worker] TRACE org.hibernate.orm.jdbc.bind [ |  | ] - binding parameter (4:TIMESTAMP_UTC) <- [2026-02-15T01:04:25.644441200Z]
26-02-15 10:04:25.644 [Test worker] TRACE org.hibernate.orm.jdbc.bind [ |  | ] - binding parameter (5:TIMESTAMP_UTC) <- [2026-02-15T01:04:25.644441200Z]
26-02-15 10:04:25.644 [Test worker] TRACE org.hibernate.orm.jdbc.bind [ |  | ] - binding parameter (6:UUID) <- [e4c9f4a5-5d48-4855-bd0c-1dce47cc6646]
26-02-15 10:04:25.644 [Test worker] DEBUG org.hibernate.SQL [ |  | ] - 
    insert 
    into
        messages
        (author_id, channel_id, content, created_at, updated_at, id) 
    values
        (?, ?, ?, ?, ?, ?)
Hibernate: 
    insert 
    into
        messages
        (author_id, channel_id, content, created_at, updated_at, id) 
    values
        (?, ?, ?, ?, ?, ?)
26-02-15 10:04:25.644 [Test worker] TRACE org.hibernate.orm.jdbc.bind [ |  | ] - binding parameter (1:UUID) <- [14d0b28f-0340-4b10-a7a9-d42c92d21f08]
26-02-15 10:04:25.644 [Test worker] TRACE org.hibernate.orm.jdbc.bind [ |  | ] - binding parameter (2:UUID) <- [5781d2bc-a75e-465b-8f9e-5e6fc2839a92]
26-02-15 10:04:25.644 [Test worker] TRACE org.hibernate.orm.jdbc.bind [ |  | ] - binding parameter (3:VARCHAR) <- [message 11]
26-02-15 10:04:25.644 [Test worker] TRACE org.hibernate.orm.jdbc.bind [ |  | ] - binding parameter (4:TIMESTAMP_UTC) <- [2026-02-15T01:04:25.644441200Z]
26-02-15 10:04:25.644 [Test worker] TRACE org.hibernate.orm.jdbc.bind [ |  | ] - binding parameter (5:TIMESTAMP_UTC) <- [2026-02-15T01:04:25.644441200Z]
26-02-15 10:04:25.644 [Test worker] TRACE org.hibernate.orm.jdbc.bind [ |  | ] - binding parameter (6:UUID) <- [de6e19d0-d737-4cac-98ac-618551402fda]
26-02-15 10:04:25.644 [Test worker] DEBUG org.hibernate.SQL [ |  | ] - 
    insert 
    into
        messages
        (author_id, channel_id, content, created_at, updated_at, id) 
    values
        (?, ?, ?, ?, ?, ?)
Hibernate: 
    insert 
    into
        messages
        (author_id, channel_id, content, created_at, updated_at, id) 
    values
        (?, ?, ?, ?, ?, ?)
26-02-15 10:04:25.644 [Test worker] TRACE org.hibernate.orm.jdbc.bind [ |  | ] - binding parameter (1:UUID) <- [14d0b28f-0340-4b10-a7a9-d42c92d21f08]
26-02-15 10:04:25.644 [Test worker] TRACE org.hibernate.orm.jdbc.bind [ |  | ] - binding parameter (2:UUID) <- [5781d2bc-a75e-465b-8f9e-5e6fc2839a92]
26-02-15 10:04:25.644 [Test worker] TRACE org.hibernate.orm.jdbc.bind [ |  | ] - binding parameter (3:VARCHAR) <- [message 12]
26-02-15 10:04:25.644 [Test worker] TRACE org.hibernate.orm.jdbc.bind [ |  | ] - binding parameter (4:TIMESTAMP_UTC) <- [2026-02-15T01:04:25.644441200Z]
26-02-15 10:04:25.644 [Test worker] TRACE org.hibernate.orm.jdbc.bind [ |  | ] - binding parameter (5:TIMESTAMP_UTC) <- [2026-02-15T01:04:25.644441200Z]
26-02-15 10:04:25.644 [Test worker] TRACE org.hibernate.orm.jdbc.bind [ |  | ] - binding parameter (6:UUID) <- [ef22d717-1093-4007-9adf-b5b458216f35]
26-02-15 10:04:25.644 [Test worker] DEBUG org.hibernate.SQL [ |  | ] - 
    insert 
    into
        messages
        (author_id, channel_id, content, created_at, updated_at, id) 
    values
        (?, ?, ?, ?, ?, ?)
Hibernate: 
    insert 
    into
        messages
        (author_id, channel_id, content, created_at, updated_at, id) 
    values
        (?, ?, ?, ?, ?, ?)
26-02-15 10:04:25.644 [Test worker] TRACE org.hibernate.orm.jdbc.bind [ |  | ] - binding parameter (1:UUID) <- [14d0b28f-0340-4b10-a7a9-d42c92d21f08]
26-02-15 10:04:25.644 [Test worker] TRACE org.hibernate.orm.jdbc.bind [ |  | ] - binding parameter (2:UUID) <- [5781d2bc-a75e-465b-8f9e-5e6fc2839a92]
26-02-15 10:04:25.644 [Test worker] TRACE org.hibernate.orm.jdbc.bind [ |  | ] - binding parameter (3:VARCHAR) <- [message 13]
26-02-15 10:04:25.644 [Test worker] TRACE org.hibernate.orm.jdbc.bind [ |  | ] - binding parameter (4:TIMESTAMP_UTC) <- [2026-02-15T01:04:25.644441200Z]
26-02-15 10:04:25.644 [Test worker] TRACE org.hibernate.orm.jdbc.bind [ |  | ] - binding parameter (5:TIMESTAMP_UTC) <- [2026-02-15T01:04:25.644441200Z]
26-02-15 10:04:25.644 [Test worker] TRACE org.hibernate.orm.jdbc.bind [ |  | ] - binding parameter (6:UUID) <- [d7d3f638-b267-48ac-8099-a0aeee26b9e8]
26-02-15 10:04:25.661 [Test worker] DEBUG org.hibernate.SQL [ |  | ] - 
    insert 
    into
        messages
        (author_id, channel_id, content, created_at, updated_at, id) 
    values
        (?, ?, ?, ?, ?, ?)
Hibernate: 
    insert 
    into
        messages
        (author_id, channel_id, content, created_at, updated_at, id) 
    values
        (?, ?, ?, ?, ?, ?)
26-02-15 10:04:25.661 [Test worker] TRACE org.hibernate.orm.jdbc.bind [ |  | ] - binding parameter (1:UUID) <- [14d0b28f-0340-4b10-a7a9-d42c92d21f08]
26-02-15 10:04:25.661 [Test worker] TRACE org.hibernate.orm.jdbc.bind [ |  | ] - binding parameter (2:UUID) <- [5781d2bc-a75e-465b-8f9e-5e6fc2839a92]
26-02-15 10:04:25.661 [Test worker] TRACE org.hibernate.orm.jdbc.bind [ |  | ] - binding parameter (3:VARCHAR) <- [message 14]
26-02-15 10:04:25.661 [Test worker] TRACE org.hibernate.orm.jdbc.bind [ |  | ] - binding parameter (4:TIMESTAMP_UTC) <- [2026-02-15T01:04:25.644441200Z]
26-02-15 10:04:25.661 [Test worker] TRACE org.hibernate.orm.jdbc.bind [ |  | ] - binding parameter (5:TIMESTAMP_UTC) <- [2026-02-15T01:04:25.644441200Z]
26-02-15 10:04:25.661 [Test worker] TRACE org.hibernate.orm.jdbc.bind [ |  | ] - binding parameter (6:UUID) <- [0d5325bd-4d93-423f-ab7b-55711339b1e3]
26-02-15 10:04:25.897 [Test worker] DEBUG org.hibernate.SQL [ |  | ] - 
    select
        m1_0.id,
        m1_0.author_id,
        a1_0.id,
        a1_0.created_at,
        a1_0.email,
        a1_0.password,
        p1_0.id,
        p1_0.content_type,
        p1_0.created_at,
        p1_0.file_name,
        p1_0.size,
        a1_0.updated_at,
        a1_0.username,
        m1_0.channel_id,
        m1_0.content,
        m1_0.created_at,
        m1_0.updated_at 
    from
        messages m1_0 
    left join
        users a1_0 
            on a1_0.id=m1_0.author_id 
    left join
        binary_contents p1_0 
            on p1_0.id=a1_0.profile_id 
    where
        m1_0.channel_id=? 
    order by
        m1_0.created_at desc 
    fetch
        first ? rows only
Hibernate: 
    select
        m1_0.id,
        m1_0.author_id,
        a1_0.id,
        a1_0.created_at,
        a1_0.email,
        a1_0.password,
        p1_0.id,
        p1_0.content_type,
        p1_0.created_at,
        p1_0.file_name,
        p1_0.size,
        a1_0.updated_at,
        a1_0.username,
        m1_0.channel_id,
        m1_0.content,
        m1_0.created_at,
        m1_0.updated_at 
    from
        messages m1_0 
    left join
        users a1_0 
            on a1_0.id=m1_0.author_id 
    left join
        binary_contents p1_0 
            on p1_0.id=a1_0.profile_id 
    where
        m1_0.channel_id=? 
    order by
        m1_0.created_at desc 
    fetch
        first ? rows only
26-02-15 10:04:25.897 [Test worker] TRACE org.hibernate.orm.jdbc.bind [ |  | ] - binding parameter (1:UUID) <- [5781d2bc-a75e-465b-8f9e-5e6fc2839a92]
26-02-15 10:04:25.897 [Test worker] TRACE org.hibernate.orm.jdbc.bind [ |  | ] - binding parameter (2:INTEGER) <- [11]
26-02-15 10:04:25.959 [Test worker] DEBUG org.hibernate.SQL [ |  | ] - 
    select
        us1_0.id,
        us1_0.created_at,
        us1_0.last_active_at,
        us1_0.updated_at,
        us1_0.user_id 
    from
        user_statuses us1_0 
    where
        us1_0.user_id=?
Hibernate: 
    select
        us1_0.id,
        us1_0.created_at,
        us1_0.last_active_at,
        us1_0.updated_at,
        us1_0.user_id 
    from
        user_statuses us1_0 
    where
        us1_0.user_id=?
26-02-15 10:04:25.961 [Test worker] TRACE org.hibernate.orm.jdbc.bind [ |  | ] - binding parameter (1:UUID) <- [14d0b28f-0340-4b10-a7a9-d42c92d21f08]
26-02-15 10:04:25.964 [Test worker] DEBUG org.hibernate.SQL [ |  | ] - 
    select
        us1_0.id,
        us1_0.created_at,
        us1_0.last_active_at,
        us1_0.updated_at,
        us1_0.user_id 
    from
        user_statuses us1_0 
    where
        us1_0.user_id=?
Hibernate: 
    select
        us1_0.id,
        us1_0.created_at,
        us1_0.last_active_at,
        us1_0.updated_at,
        us1_0.user_id 
    from
        user_statuses us1_0 
    where
        us1_0.user_id=?
26-02-15 10:04:25.964 [Test worker] TRACE org.hibernate.orm.jdbc.bind [ |  | ] - binding parameter (1:UUID) <- [14d0b28f-0340-4b10-a7a9-d42c92d21f08]
26-02-15 10:04:25.964 [Test worker] DEBUG org.hibernate.SQL [ |  | ] - 
    select
        us1_0.id,
        us1_0.created_at,
        us1_0.last_active_at,
        us1_0.updated_at,
        us1_0.user_id 
    from
        user_statuses us1_0 
    where
        us1_0.user_id=?
Hibernate: 
    select
        us1_0.id,
        us1_0.created_at,
        us1_0.last_active_at,
        us1_0.updated_at,
        us1_0.user_id 
    from
        user_statuses us1_0 
    where
        us1_0.user_id=?
26-02-15 10:04:25.971 [Test worker] TRACE org.hibernate.orm.jdbc.bind [ |  | ] - binding parameter (1:UUID) <- [14d0b28f-0340-4b10-a7a9-d42c92d21f08]
26-02-15 10:04:25.971 [Test worker] DEBUG org.hibernate.SQL [ |  | ] - 
    select
        us1_0.id,
        us1_0.created_at,
        us1_0.last_active_at,
        us1_0.updated_at,
        us1_0.user_id 
    from
        user_statuses us1_0 
    where
        us1_0.user_id=?
Hibernate: 
    select
        us1_0.id,
        us1_0.created_at,
        us1_0.last_active_at,
        us1_0.updated_at,
        us1_0.user_id 
    from
        user_statuses us1_0 
    where
        us1_0.user_id=?
26-02-15 10:04:25.971 [Test worker] TRACE org.hibernate.orm.jdbc.bind [ |  | ] - binding parameter (1:UUID) <- [14d0b28f-0340-4b10-a7a9-d42c92d21f08]
26-02-15 10:04:25.971 [Test worker] DEBUG org.hibernate.SQL [ |  | ] - 
    select
        us1_0.id,
        us1_0.created_at,
        us1_0.last_active_at,
        us1_0.updated_at,
        us1_0.user_id 
    from
        user_statuses us1_0 
    where
        us1_0.user_id=?
Hibernate: 
    select
        us1_0.id,
        us1_0.created_at,
        us1_0.last_active_at,
        us1_0.updated_at,
        us1_0.user_id 
    from
        user_statuses us1_0 
    where
        us1_0.user_id=?
26-02-15 10:04:25.971 [Test worker] TRACE org.hibernate.orm.jdbc.bind [ |  | ] - binding parameter (1:UUID) <- [14d0b28f-0340-4b10-a7a9-d42c92d21f08]
26-02-15 10:04:25.971 [Test worker] DEBUG org.hibernate.SQL [ |  | ] - 
    select
        us1_0.id,
        us1_0.created_at,
        us1_0.last_active_at,
        us1_0.updated_at,
        us1_0.user_id 
    from
        user_statuses us1_0 
    where
        us1_0.user_id=?
Hibernate: 
    select
        us1_0.id,
        us1_0.created_at,
        us1_0.last_active_at,
        us1_0.updated_at,
        us1_0.user_id 
    from
        user_statuses us1_0 
    where
        us1_0.user_id=?
26-02-15 10:04:25.971 [Test worker] TRACE org.hibernate.orm.jdbc.bind [ |  | ] - binding parameter (1:UUID) <- [14d0b28f-0340-4b10-a7a9-d42c92d21f08]
26-02-15 10:04:25.971 [Test worker] DEBUG org.hibernate.SQL [ |  | ] - 
    select
        us1_0.id,
        us1_0.created_at,
        us1_0.last_active_at,
        us1_0.updated_at,
        us1_0.user_id 
    from
        user_statuses us1_0 
    where
        us1_0.user_id=?
Hibernate: 
    select
        us1_0.id,
        us1_0.created_at,
        us1_0.last_active_at,
        us1_0.updated_at,
        us1_0.user_id 
    from
        user_statuses us1_0 
    where
        us1_0.user_id=?
26-02-15 10:04:25.971 [Test worker] TRACE org.hibernate.orm.jdbc.bind [ |  | ] - binding parameter (1:UUID) <- [14d0b28f-0340-4b10-a7a9-d42c92d21f08]
26-02-15 10:04:25.976 [Test worker] DEBUG org.hibernate.SQL [ |  | ] - 
    select
        us1_0.id,
        us1_0.created_at,
        us1_0.last_active_at,
        us1_0.updated_at,
        us1_0.user_id 
    from
        user_statuses us1_0 
    where
        us1_0.user_id=?
Hibernate: 
    select
        us1_0.id,
        us1_0.created_at,
        us1_0.last_active_at,
        us1_0.updated_at,
        us1_0.user_id 
    from
        user_statuses us1_0 
    where
        us1_0.user_id=?
26-02-15 10:04:25.976 [Test worker] TRACE org.hibernate.orm.jdbc.bind [ |  | ] - binding parameter (1:UUID) <- [14d0b28f-0340-4b10-a7a9-d42c92d21f08]
26-02-15 10:04:25.976 [Test worker] DEBUG org.hibernate.SQL [ |  | ] - 
    select
        us1_0.id,
        us1_0.created_at,
        us1_0.last_active_at,
        us1_0.updated_at,
        us1_0.user_id 
    from
        user_statuses us1_0 
    where
        us1_0.user_id=?
Hibernate: 
    select
        us1_0.id,
        us1_0.created_at,
        us1_0.last_active_at,
        us1_0.updated_at,
        us1_0.user_id 
    from
        user_statuses us1_0 
    where
        us1_0.user_id=?
26-02-15 10:04:25.976 [Test worker] TRACE org.hibernate.orm.jdbc.bind [ |  | ] - binding parameter (1:UUID) <- [14d0b28f-0340-4b10-a7a9-d42c92d21f08]
26-02-15 10:04:25.976 [Test worker] DEBUG org.hibernate.SQL [ |  | ] - 
    select
        us1_0.id,
        us1_0.created_at,
        us1_0.last_active_at,
        us1_0.updated_at,
        us1_0.user_id 
    from
        user_statuses us1_0 
    where
        us1_0.user_id=?
Hibernate: 
    select
        us1_0.id,
        us1_0.created_at,
        us1_0.last_active_at,
        us1_0.updated_at,
        us1_0.user_id 
    from
        user_statuses us1_0 
    where
        us1_0.user_id=?
26-02-15 10:04:25.976 [Test worker] TRACE org.hibernate.orm.jdbc.bind [ |  | ] - binding parameter (1:UUID) <- [14d0b28f-0340-4b10-a7a9-d42c92d21f08]
26-02-15 10:04:25.976 [Test worker] DEBUG org.hibernate.SQL [ |  | ] - 
    select
        us1_0.id,
        us1_0.created_at,
        us1_0.last_active_at,
        us1_0.updated_at,
        us1_0.user_id 
    from
        user_statuses us1_0 
    where
        us1_0.user_id=?
Hibernate: 
    select
        us1_0.id,
        us1_0.created_at,
        us1_0.last_active_at,
        us1_0.updated_at,
        us1_0.user_id 
    from
        user_statuses us1_0 
    where
        us1_0.user_id=?
26-02-15 10:04:25.976 [Test worker] TRACE org.hibernate.orm.jdbc.bind [ |  | ] - binding parameter (1:UUID) <- [14d0b28f-0340-4b10-a7a9-d42c92d21f08]
26-02-15 10:04:26.084 [Test worker] DEBUG org.hibernate.SQL [ |  | ] - 
    select
        m1_0.id,
        m1_0.author_id,
        a1_0.id,
        a1_0.created_at,
        a1_0.email,
        a1_0.password,
        p1_0.id,
        p1_0.content_type,
        p1_0.created_at,
        p1_0.file_name,
        p1_0.size,
        a1_0.updated_at,
        a1_0.username,
        m1_0.channel_id,
        m1_0.content,
        m1_0.created_at,
        m1_0.updated_at 
    from
        messages m1_0 
    left join
        users a1_0 
            on a1_0.id=m1_0.author_id 
    left join
        binary_contents p1_0 
            on p1_0.id=a1_0.profile_id 
    where
        m1_0.channel_id=? 
        and m1_0.created_at<? 
    order by
        m1_0.created_at desc 
    fetch
        first ? rows only
Hibernate: 
    select
        m1_0.id,
        m1_0.author_id,
        a1_0.id,
        a1_0.created_at,
        a1_0.email,
        a1_0.password,
        p1_0.id,
        p1_0.content_type,
        p1_0.created_at,
        p1_0.file_name,
        p1_0.size,
        a1_0.updated_at,
        a1_0.username,
        m1_0.channel_id,
        m1_0.content,
        m1_0.created_at,
        m1_0.updated_at 
    from
        messages m1_0 
    left join
        users a1_0 
            on a1_0.id=m1_0.author_id 
    left join
        binary_contents p1_0 
            on p1_0.id=a1_0.profile_id 
    where
        m1_0.channel_id=? 
        and m1_0.created_at<? 
    order by
        m1_0.created_at desc 
    fetch
        first ? rows only
26-02-15 10:04:26.087 [Test worker] TRACE org.hibernate.orm.jdbc.bind [ |  | ] - binding parameter (1:UUID) <- [5781d2bc-a75e-465b-8f9e-5e6fc2839a92]
26-02-15 10:04:26.087 [Test worker] TRACE org.hibernate.orm.jdbc.bind [ |  | ] - binding parameter (2:TIMESTAMP_UTC) <- [2026-02-14T16:04:25.613830Z]
26-02-15 10:04:26.087 [Test worker] TRACE org.hibernate.orm.jdbc.bind [ |  | ] - binding parameter (3:INTEGER) <- [11]
26-02-15 10:04:26.138 [Test worker] DEBUG org.hibernate.SQL [ |  | ] - 
    insert 
    into
        users
        (created_at, email, password, profile_id, updated_at, username, id) 
    values
        (?, ?, ?, ?, ?, ?, ?)
Hibernate: 
    insert 
    into
        users
        (created_at, email, password, profile_id, updated_at, username, id) 
    values
        (?, ?, ?, ?, ?, ?, ?)
26-02-15 10:04:26.138 [Test worker] TRACE org.hibernate.orm.jdbc.bind [ |  | ] - binding parameter (1:TIMESTAMP_UTC) <- [2026-02-15T01:04:26.138579800Z]
26-02-15 10:04:26.138 [Test worker] TRACE org.hibernate.orm.jdbc.bind [ |  | ] - binding parameter (2:VARCHAR) <- [test@discodeit.com]
26-02-15 10:04:26.138 [Test worker] TRACE org.hibernate.orm.jdbc.bind [ |  | ] - binding parameter (3:VARCHAR) <- [password123]
26-02-15 10:04:26.138 [Test worker] TRACE org.hibernate.orm.jdbc.bind [ |  | ] - binding parameter (4:UUID) <- [null]
26-02-15 10:04:26.138 [Test worker] TRACE org.hibernate.orm.jdbc.bind [ |  | ] - binding parameter (5:TIMESTAMP_UTC) <- [2026-02-15T01:04:26.138579800Z]
26-02-15 10:04:26.138 [Test worker] TRACE org.hibernate.orm.jdbc.bind [ |  | ] - binding parameter (6:VARCHAR) <- [testUser]
26-02-15 10:04:26.138 [Test worker] TRACE org.hibernate.orm.jdbc.bind [ |  | ] - binding parameter (7:UUID) <- [9059a52d-8837-4884-a949-a2d355417c76]
26-02-15 10:04:26.141 [Test worker] DEBUG org.hibernate.SQL [ |  | ] - 
    insert 
    into
        channels
        (created_at, description, name, type, updated_at, id) 
    values
        (?, ?, ?, ?, ?, ?)
Hibernate: 
    insert 
    into
        channels
        (created_at, description, name, type, updated_at, id) 
    values
        (?, ?, ?, ?, ?, ?)
26-02-15 10:04:26.141 [Test worker] TRACE org.hibernate.orm.jdbc.bind [ |  | ] - binding parameter (1:TIMESTAMP_UTC) <- [2026-02-15T01:04:26.138579800Z]
26-02-15 10:04:26.141 [Test worker] TRACE org.hibernate.orm.jdbc.bind [ |  | ] - binding parameter (2:VARCHAR) <- [description]
26-02-15 10:04:26.141 [Test worker] TRACE org.hibernate.orm.jdbc.bind [ |  | ] - binding parameter (3:VARCHAR) <- [test channel]
26-02-15 10:04:26.141 [Test worker] TRACE org.hibernate.orm.jdbc.bind [ |  | ] - binding parameter (4:VARCHAR) <- [PUBLIC]
26-02-15 10:04:26.141 [Test worker] TRACE org.hibernate.orm.jdbc.bind [ |  | ] - binding parameter (5:TIMESTAMP_UTC) <- [2026-02-15T01:04:26.138579800Z]
26-02-15 10:04:26.141 [Test worker] TRACE org.hibernate.orm.jdbc.bind [ |  | ] - binding parameter (6:UUID) <- [a5499ed3-1b3c-4aad-bb26-cfa175227b6b]
26-02-15 10:04:26.141 [Test worker] DEBUG org.hibernate.SQL [ |  | ] - 
    insert 
    into
        messages
        (author_id, channel_id, content, created_at, updated_at, id) 
    values
        (?, ?, ?, ?, ?, ?)
Hibernate: 
    insert 
    into
        messages
        (author_id, channel_id, content, created_at, updated_at, id) 
    values
        (?, ?, ?, ?, ?, ?)
26-02-15 10:04:26.141 [Test worker] TRACE org.hibernate.orm.jdbc.bind [ |  | ] - binding parameter (1:UUID) <- [9059a52d-8837-4884-a949-a2d355417c76]
26-02-15 10:04:26.141 [Test worker] TRACE org.hibernate.orm.jdbc.bind [ |  | ] - binding parameter (2:UUID) <- [a5499ed3-1b3c-4aad-bb26-cfa175227b6b]
26-02-15 10:04:26.141 [Test worker] TRACE org.hibernate.orm.jdbc.bind [ |  | ] - binding parameter (3:VARCHAR) <- [test message 1]
26-02-15 10:04:26.141 [Test worker] TRACE org.hibernate.orm.jdbc.bind [ |  | ] - binding parameter (4:TIMESTAMP_UTC) <- [2026-02-15T01:04:26.141596500Z]
26-02-15 10:04:26.141 [Test worker] TRACE org.hibernate.orm.jdbc.bind [ |  | ] - binding parameter (5:TIMESTAMP_UTC) <- [2026-02-15T01:04:26.141596500Z]
26-02-15 10:04:26.141 [Test worker] TRACE org.hibernate.orm.jdbc.bind [ |  | ] - binding parameter (6:UUID) <- [88532b7b-163a-4272-826b-7e2fbfe0f4ce]
26-02-15 10:04:26.151 [Test worker] DEBUG org.hibernate.SQL [ |  | ] - 
    insert 
    into
        messages
        (author_id, channel_id, content, created_at, updated_at, id) 
    values
        (?, ?, ?, ?, ?, ?)
Hibernate: 
    insert 
    into
        messages
        (author_id, channel_id, content, created_at, updated_at, id) 
    values
        (?, ?, ?, ?, ?, ?)
26-02-15 10:04:26.151 [Test worker] TRACE org.hibernate.orm.jdbc.bind [ |  | ] - binding parameter (1:UUID) <- [9059a52d-8837-4884-a949-a2d355417c76]
26-02-15 10:04:26.153 [Test worker] TRACE org.hibernate.orm.jdbc.bind [ |  | ] - binding parameter (2:UUID) <- [a5499ed3-1b3c-4aad-bb26-cfa175227b6b]
26-02-15 10:04:26.153 [Test worker] TRACE org.hibernate.orm.jdbc.bind [ |  | ] - binding parameter (3:VARCHAR) <- [test message 2]
26-02-15 10:04:26.153 [Test worker] TRACE org.hibernate.orm.jdbc.bind [ |  | ] - binding parameter (4:TIMESTAMP_UTC) <- [2026-02-15T01:04:26.151102Z]
26-02-15 10:04:26.153 [Test worker] TRACE org.hibernate.orm.jdbc.bind [ |  | ] - binding parameter (5:TIMESTAMP_UTC) <- [2026-02-15T01:04:26.151102Z]
26-02-15 10:04:26.153 [Test worker] TRACE org.hibernate.orm.jdbc.bind [ |  | ] - binding parameter (6:UUID) <- [8367c39b-f2a0-4cb6-92db-bfbfd9fc3fa7]
26-02-15 10:04:26.155 [Test worker] DEBUG org.hibernate.SQL [ |  | ] - 
    insert 
    into
        messages
        (author_id, channel_id, content, created_at, updated_at, id) 
    values
        (?, ?, ?, ?, ?, ?)
Hibernate: 
    insert 
    into
        messages
        (author_id, channel_id, content, created_at, updated_at, id) 
    values
        (?, ?, ?, ?, ?, ?)
26-02-15 10:04:26.157 [Test worker] TRACE org.hibernate.orm.jdbc.bind [ |  | ] - binding parameter (1:UUID) <- [9059a52d-8837-4884-a949-a2d355417c76]
26-02-15 10:04:26.157 [Test worker] TRACE org.hibernate.orm.jdbc.bind [ |  | ] - binding parameter (2:UUID) <- [a5499ed3-1b3c-4aad-bb26-cfa175227b6b]
26-02-15 10:04:26.157 [Test worker] TRACE org.hibernate.orm.jdbc.bind [ |  | ] - binding parameter (3:VARCHAR) <- [test message 3]
26-02-15 10:04:26.157 [Test worker] TRACE org.hibernate.orm.jdbc.bind [ |  | ] - binding parameter (4:TIMESTAMP_UTC) <- [2026-02-15T01:04:26.155229Z]
26-02-15 10:04:26.157 [Test worker] TRACE org.hibernate.orm.jdbc.bind [ |  | ] - binding parameter (5:TIMESTAMP_UTC) <- [2026-02-15T01:04:26.155229Z]
26-02-15 10:04:26.157 [Test worker] TRACE org.hibernate.orm.jdbc.bind [ |  | ] - binding parameter (6:UUID) <- [dd92a2f3-dc1e-4360-8dc3-e32be9a4cc82]
26-02-15 10:04:26.161 [Test worker] DEBUG org.hibernate.SQL [ |  | ] - 
    select
        m1_0.id,
        m1_0.author_id,
        m1_0.channel_id,
        m1_0.content,
        m1_0.created_at,
        m1_0.updated_at 
    from
        messages m1_0 
    where
        m1_0.channel_id=? 
    order by
        m1_0.created_at desc 
    fetch
        first ? rows only
Hibernate: 
    select
        m1_0.id,
        m1_0.author_id,
        m1_0.channel_id,
        m1_0.content,
        m1_0.created_at,
        m1_0.updated_at 
    from
        messages m1_0 
    where
        m1_0.channel_id=? 
    order by
        m1_0.created_at desc 
    fetch
        first ? rows only
26-02-15 10:04:26.161 [Test worker] TRACE org.hibernate.orm.jdbc.bind [ |  | ] - binding parameter (1:UUID) <- [a5499ed3-1b3c-4aad-bb26-cfa175227b6b]
26-02-15 10:04:26.161 [Test worker] TRACE org.hibernate.orm.jdbc.bind [ |  | ] - binding parameter (2:INTEGER) <- [1]
26-02-15 10:04:26.184 [Test worker] DEBUG org.hibernate.SQL [ |  | ] - 
    insert 
    into
        users
        (created_at, email, password, profile_id, updated_at, username, id) 
    values
        (?, ?, ?, ?, ?, ?, ?)
Hibernate: 
    insert 
    into
        users
        (created_at, email, password, profile_id, updated_at, username, id) 
    values
        (?, ?, ?, ?, ?, ?, ?)
26-02-15 10:04:26.184 [Test worker] TRACE org.hibernate.orm.jdbc.bind [ |  | ] - binding parameter (1:TIMESTAMP_UTC) <- [2026-02-15T01:04:26.182324900Z]
26-02-15 10:04:26.184 [Test worker] TRACE org.hibernate.orm.jdbc.bind [ |  | ] - binding parameter (2:VARCHAR) <- [test@discodeit.com]
26-02-15 10:04:26.184 [Test worker] TRACE org.hibernate.orm.jdbc.bind [ |  | ] - binding parameter (3:VARCHAR) <- [password123]
26-02-15 10:04:26.184 [Test worker] TRACE org.hibernate.orm.jdbc.bind [ |  | ] - binding parameter (4:UUID) <- [null]
26-02-15 10:04:26.184 [Test worker] TRACE org.hibernate.orm.jdbc.bind [ |  | ] - binding parameter (5:TIMESTAMP_UTC) <- [2026-02-15T01:04:26.182324900Z]
26-02-15 10:04:26.184 [Test worker] TRACE org.hibernate.orm.jdbc.bind [ |  | ] - binding parameter (6:VARCHAR) <- [testUser]
26-02-15 10:04:26.184 [Test worker] TRACE org.hibernate.orm.jdbc.bind [ |  | ] - binding parameter (7:UUID) <- [574a4ea2-14b7-49c5-b713-31d3e6e7bdec]
26-02-15 10:04:26.188 [Test worker] DEBUG org.hibernate.SQL [ |  | ] - 
    insert 
    into
        channels
        (created_at, description, name, type, updated_at, id) 
    values
        (?, ?, ?, ?, ?, ?)
Hibernate: 
    insert 
    into
        channels
        (created_at, description, name, type, updated_at, id) 
    values
        (?, ?, ?, ?, ?, ?)
26-02-15 10:04:26.188 [Test worker] TRACE org.hibernate.orm.jdbc.bind [ |  | ] - binding parameter (1:TIMESTAMP_UTC) <- [2026-02-15T01:04:26.182324900Z]
26-02-15 10:04:26.188 [Test worker] TRACE org.hibernate.orm.jdbc.bind [ |  | ] - binding parameter (2:VARCHAR) <- [description]
26-02-15 10:04:26.188 [Test worker] TRACE org.hibernate.orm.jdbc.bind [ |  | ] - binding parameter (3:VARCHAR) <- [test channel]
26-02-15 10:04:26.188 [Test worker] TRACE org.hibernate.orm.jdbc.bind [ |  | ] - binding parameter (4:VARCHAR) <- [PUBLIC]
26-02-15 10:04:26.188 [Test worker] TRACE org.hibernate.orm.jdbc.bind [ |  | ] - binding parameter (5:TIMESTAMP_UTC) <- [2026-02-15T01:04:26.182324900Z]
26-02-15 10:04:26.188 [Test worker] TRACE org.hibernate.orm.jdbc.bind [ |  | ] - binding parameter (6:UUID) <- [811d3fdd-27a4-4b48-8dfe-fa6d94b05a16]
26-02-15 10:04:26.198 [Test worker] DEBUG org.hibernate.SQL [ |  | ] - 
    insert 
    into
        messages
        (author_id, channel_id, content, created_at, updated_at, id) 
    values
        (?, ?, ?, ?, ?, ?)
Hibernate: 
    insert 
    into
        messages
        (author_id, channel_id, content, created_at, updated_at, id) 
    values
        (?, ?, ?, ?, ?, ?)
26-02-15 10:04:26.198 [Test worker] TRACE org.hibernate.orm.jdbc.bind [ |  | ] - binding parameter (1:UUID) <- [574a4ea2-14b7-49c5-b713-31d3e6e7bdec]
26-02-15 10:04:26.198 [Test worker] TRACE org.hibernate.orm.jdbc.bind [ |  | ] - binding parameter (2:UUID) <- [811d3fdd-27a4-4b48-8dfe-fa6d94b05a16]
26-02-15 10:04:26.198 [Test worker] TRACE org.hibernate.orm.jdbc.bind [ |  | ] - binding parameter (3:VARCHAR) <- [test message]
26-02-15 10:04:26.198 [Test worker] TRACE org.hibernate.orm.jdbc.bind [ |  | ] - binding parameter (4:TIMESTAMP_UTC) <- [2026-02-15T01:04:26.188428300Z]
26-02-15 10:04:26.198 [Test worker] TRACE org.hibernate.orm.jdbc.bind [ |  | ] - binding parameter (5:TIMESTAMP_UTC) <- [2026-02-15T01:04:26.188428300Z]
26-02-15 10:04:26.198 [Test worker] TRACE org.hibernate.orm.jdbc.bind [ |  | ] - binding parameter (6:UUID) <- [fd13a331-9f77-4e93-bc99-e7c564f36b71]
26-02-15 10:04:26.198 [Test worker] DEBUG org.hibernate.SQL [ |  | ] - 
    insert 
    into
        binary_contents
        (content_type, created_at, file_name, size, id) 
    values
        (?, ?, ?, ?, ?)
Hibernate: 
    insert 
    into
        binary_contents
        (content_type, created_at, file_name, size, id) 
    values
        (?, ?, ?, ?, ?)
26-02-15 10:04:26.198 [Test worker] TRACE org.hibernate.orm.jdbc.bind [ |  | ] - binding parameter (1:VARCHAR) <- [image/jpeg]
26-02-15 10:04:26.198 [Test worker] TRACE org.hibernate.orm.jdbc.bind [ |  | ] - binding parameter (2:TIMESTAMP_UTC) <- [2026-02-15T01:04:26.193177500Z]
26-02-15 10:04:26.198 [Test worker] TRACE org.hibernate.orm.jdbc.bind [ |  | ] - binding parameter (3:VARCHAR) <- [test1.jpg]
26-02-15 10:04:26.198 [Test worker] TRACE org.hibernate.orm.jdbc.bind [ |  | ] - binding parameter (4:BIGINT) <- [1024]
26-02-15 10:04:26.198 [Test worker] TRACE org.hibernate.orm.jdbc.bind [ |  | ] - binding parameter (5:UUID) <- [d4126d36-1b9a-42f7-8421-7d52f4d8b559]
26-02-15 10:04:26.203 [Test worker] DEBUG org.hibernate.SQL [ |  | ] - 
    insert 
    into
        binary_contents
        (content_type, created_at, file_name, size, id) 
    values
        (?, ?, ?, ?, ?)
Hibernate: 
    insert 
    into
        binary_contents
        (content_type, created_at, file_name, size, id) 
    values
        (?, ?, ?, ?, ?)
26-02-15 10:04:26.203 [Test worker] TRACE org.hibernate.orm.jdbc.bind [ |  | ] - binding parameter (1:VARCHAR) <- [image/jpeg]
26-02-15 10:04:26.203 [Test worker] TRACE org.hibernate.orm.jdbc.bind [ |  | ] - binding parameter (2:TIMESTAMP_UTC) <- [2026-02-15T01:04:26.198120600Z]
26-02-15 10:04:26.203 [Test worker] TRACE org.hibernate.orm.jdbc.bind [ |  | ] - binding parameter (3:VARCHAR) <- [test2.jpg]
26-02-15 10:04:26.203 [Test worker] TRACE org.hibernate.orm.jdbc.bind [ |  | ] - binding parameter (4:BIGINT) <- [1024]
26-02-15 10:04:26.203 [Test worker] TRACE org.hibernate.orm.jdbc.bind [ |  | ] - binding parameter (5:UUID) <- [6c2e1116-1f05-4ac0-82a4-4ddf54540eaf]
26-02-15 10:04:26.203 [Test worker] DEBUG org.hibernate.SQL [ |  | ] - 
    insert 
    into
        message_attachments
        (message_id, attachment_id) 
    values
        (?, ?)
Hibernate: 
    insert 
    into
        message_attachments
        (message_id, attachment_id) 
    values
        (?, ?)
26-02-15 10:04:26.203 [Test worker] TRACE org.hibernate.orm.jdbc.bind [ |  | ] - binding parameter (1:UUID) <- [fd13a331-9f77-4e93-bc99-e7c564f36b71]
26-02-15 10:04:26.203 [Test worker] TRACE org.hibernate.orm.jdbc.bind [ |  | ] - binding parameter (2:UUID) <- [d4126d36-1b9a-42f7-8421-7d52f4d8b559]
26-02-15 10:04:26.203 [Test worker] DEBUG org.hibernate.SQL [ |  | ] - 
    insert 
    into
        message_attachments
        (message_id, attachment_id) 
    values
        (?, ?)
Hibernate: 
    insert 
    into
        message_attachments
        (message_id, attachment_id) 
    values
        (?, ?)
26-02-15 10:04:26.203 [Test worker] TRACE org.hibernate.orm.jdbc.bind [ |  | ] - binding parameter (1:UUID) <- [fd13a331-9f77-4e93-bc99-e7c564f36b71]
26-02-15 10:04:26.203 [Test worker] TRACE org.hibernate.orm.jdbc.bind [ |  | ] - binding parameter (2:UUID) <- [6c2e1116-1f05-4ac0-82a4-4ddf54540eaf]
26-02-15 10:04:26.224 [Test worker] DEBUG org.hibernate.SQL [ |  | ] - 
    select
        m1_0.id,
        m1_0.author_id,
        m1_0.channel_id,
        m1_0.content,
        m1_0.created_at,
        m1_0.updated_at 
    from
        messages m1_0 
    where
        m1_0.id=?
Hibernate: 
    select
        m1_0.id,
        m1_0.author_id,
        m1_0.channel_id,
        m1_0.content,
        m1_0.created_at,
        m1_0.updated_at 
    from
        messages m1_0 
    where
        m1_0.id=?
26-02-15 10:04:26.224 [Test worker] TRACE org.hibernate.orm.jdbc.bind [ |  | ] - binding parameter (1:UUID) <- [fd13a331-9f77-4e93-bc99-e7c564f36b71]
26-02-15 10:04:26.229 [Test worker] DEBUG org.hibernate.SQL [ |  | ] - 
    select
        u1_0.id,
        u1_0.created_at,
        u1_0.email,
        u1_0.password,
        u1_0.profile_id,
        u1_0.updated_at,
        u1_0.username 
    from
        users u1_0 
    where
        u1_0.id=?
Hibernate: 
    select
        u1_0.id,
        u1_0.created_at,
        u1_0.email,
        u1_0.password,
        u1_0.profile_id,
        u1_0.updated_at,
        u1_0.username 
    from
        users u1_0 
    where
        u1_0.id=?
26-02-15 10:04:26.229 [Test worker] TRACE org.hibernate.orm.jdbc.bind [ |  | ] - binding parameter (1:UUID) <- [574a4ea2-14b7-49c5-b713-31d3e6e7bdec]
26-02-15 10:04:26.229 [Test worker] DEBUG org.hibernate.SQL [ |  | ] - 
    select
        us1_0.id,
        us1_0.created_at,
        us1_0.last_active_at,
        us1_0.updated_at,
        us1_0.user_id 
    from
        user_statuses us1_0 
    where
        us1_0.user_id=?
Hibernate: 
    select
        us1_0.id,
        us1_0.created_at,
        us1_0.last_active_at,
        us1_0.updated_at,
        us1_0.user_id 
    from
        user_statuses us1_0 
    where
        us1_0.user_id=?
26-02-15 10:04:26.229 [Test worker] TRACE org.hibernate.orm.jdbc.bind [ |  | ] - binding parameter (1:UUID) <- [574a4ea2-14b7-49c5-b713-31d3e6e7bdec]
26-02-15 10:04:26.238 [Test worker] DEBUG org.hibernate.SQL [ |  | ] - 
    select
        a1_0.message_id,
        a1_1.id,
        a1_1.content_type,
        a1_1.created_at,
        a1_1.file_name,
        a1_1.size 
    from
        message_attachments a1_0 
    join
        binary_contents a1_1 
            on a1_1.id=a1_0.attachment_id 
    where
        a1_0.message_id=?
Hibernate: 
    select
        a1_0.message_id,
        a1_1.id,
        a1_1.content_type,
        a1_1.created_at,
        a1_1.file_name,
        a1_1.size 
    from
        message_attachments a1_0 
    join
        binary_contents a1_1 
            on a1_1.id=a1_0.attachment_id 
    where
        a1_0.message_id=?
26-02-15 10:04:26.238 [Test worker] TRACE org.hibernate.orm.jdbc.bind [ |  | ] - binding parameter (1:UUID) <- [fd13a331-9f77-4e93-bc99-e7c564f36b71]
]]></system-out>
  <system-err><![CDATA[10:04:18,000 |-WARN in ch.qos.logback.core.model.processor.AppenderModelHandler - Appender named [CONSOLE_DEV] not referenced. Skipping further processing.
]]></system-err>
</testsuite>
