<?xml version="1.0" encoding="UTF-8"?>
<testsuite name="com.sprint.mission.discodeit.integrationTest.UserApiIntegrationTest" tests="5" skipped="0" failures="0" errors="0" timestamp="2026-02-15T01:04:39.364Z" hostname="DESKTOP-0JVG8OV" time="0.571">
  <properties/>
  <testcase name="POST /api/users - 사용자 생성 통합 테스트 성공" classname="com.sprint.mission.discodeit.integrationTest.UserApiIntegrationTest" time="0.213"/>
  <testcase name="GET /api/users - 사용자 목록 조회 통합 테스트" classname="com.sprint.mission.discodeit.integrationTest.UserApiIntegrationTest" time="0.282"/>
  <testcase name="DELETE /api/users/{userId} - 사용자 삭제 통합 테스트" classname="com.sprint.mission.discodeit.integrationTest.UserApiIntegrationTest" time="0.019"/>
  <testcase name="POST /api/users - 사용자 생성 통합 테스트 실패 (중복된 이메일)" classname="com.sprint.mission.discodeit.integrationTest.UserApiIntegrationTest" time="0.035"/>
  <testcase name="DELETE /api/users/{userId} - 사용자 삭제 통합 테스트 실패 (존재하지 않는 사용자" classname="com.sprint.mission.discodeit.integrationTest.UserApiIntegrationTest" time="0.017"/>
  <system-out><![CDATA[26-02-15 10:04:39.354 [Test worker] INFO  o.s.t.c.s.AnnotationConfigContextLoaderUtils [ |  | ] - Could not detect default configuration classes for test class [com.sprint.mission.discodeit.integrationTest.UserApiIntegrationTest]: UserApiIntegrationTest does not declare any static, non-private, non-final, nested classes annotated with @Configuration.
26-02-15 10:04:39.357 [Test worker] INFO  o.s.b.t.c.SpringBootTestContextBootstrapper [ |  | ] - Found @SpringBootConfiguration com.sprint.mission.discodeit.DiscodeitApplication for test class com.sprint.mission.discodeit.integrationTest.UserApiIntegrationTest
26-02-15 10:04:39.374 [Test worker] DEBUG c.s.m.d.config.MDCLoggingInterceptor [832f8378674345e48723ff187491c929 | POST | /api/users] - 요청 시작
26-02-15 10:04:39.374 [Test worker] INFO  c.s.m.d.controller.UserController [832f8378674345e48723ff187491c929 | POST | /api/users] - Controller: 사용자 생성 요청 - email: test@codeit.com, username: test
26-02-15 10:04:39.374 [Test worker] INFO  c.s.m.d.s.basic.BasicUserService [832f8378674345e48723ff187491c929 | POST | /api/users] - Service: 유저 생성 로직 시작 - email: test, username: test@codeit.com
26-02-15 10:04:39.374 [Test worker] DEBUG org.hibernate.SQL [832f8378674345e48723ff187491c929 | POST | /api/users] - 
    select
        u1_0.id 
    from
        users u1_0 
    where
        u1_0.username=? 
    fetch
        first ? rows only
Hibernate: 
    select
        u1_0.id 
    from
        users u1_0 
    where
        u1_0.username=? 
    fetch
        first ? rows only
26-02-15 10:04:39.374 [Test worker] TRACE org.hibernate.orm.jdbc.bind [832f8378674345e48723ff187491c929 | POST | /api/users] - binding parameter (1:VARCHAR) <- [test]
26-02-15 10:04:39.374 [Test worker] TRACE org.hibernate.orm.jdbc.bind [832f8378674345e48723ff187491c929 | POST | /api/users] - binding parameter (2:INTEGER) <- [1]
26-02-15 10:04:39.374 [Test worker] DEBUG org.hibernate.SQL [832f8378674345e48723ff187491c929 | POST | /api/users] - 
    select
        u1_0.id 
    from
        users u1_0 
    where
        u1_0.email=? 
    fetch
        first ? rows only
Hibernate: 
    select
        u1_0.id 
    from
        users u1_0 
    where
        u1_0.email=? 
    fetch
        first ? rows only
26-02-15 10:04:39.374 [Test worker] TRACE org.hibernate.orm.jdbc.bind [832f8378674345e48723ff187491c929 | POST | /api/users] - binding parameter (1:VARCHAR) <- [test@codeit.com]
26-02-15 10:04:39.374 [Test worker] TRACE org.hibernate.orm.jdbc.bind [832f8378674345e48723ff187491c929 | POST | /api/users] - binding parameter (2:INTEGER) <- [1]
26-02-15 10:04:39.500 [Test worker] INFO  c.s.m.d.s.basic.BasicUserService [832f8378674345e48723ff187491c929 | POST | /api/users] - Service: 유저 생성 완료 및 DB 저장 완료 - ID: a48916c0-6761-43f2-91e4-ebf54c921353
26-02-15 10:04:39.500 [Test worker] INFO  c.s.m.d.controller.UserController [832f8378674345e48723ff187491c929 | POST | /api/users] - Controller: 사용자 생성 완료 - ID: a48916c0-6761-43f2-91e4-ebf54c921353
26-02-15 10:04:39.516 [Test worker] DEBUG c.s.m.d.config.MDCLoggingInterceptor [832f8378674345e48723ff187491c929 | POST | /api/users] - 요청 완료
26-02-15 10:04:39.563 [Test worker] DEBUG org.hibernate.SQL [ |  | ] - 
    insert 
    into
        users
        (created_at, email, password, profile_id, updated_at, username, id) 
    values
        (?, ?, ?, ?, ?, ?, ?)
Hibernate: 
    insert 
    into
        users
        (created_at, email, password, profile_id, updated_at, username, id) 
    values
        (?, ?, ?, ?, ?, ?, ?)
26-02-15 10:04:39.563 [Test worker] TRACE org.hibernate.orm.jdbc.bind [ |  | ] - binding parameter (1:TIMESTAMP_UTC) <- [2026-02-15T01:04:39.500531300Z]
26-02-15 10:04:39.563 [Test worker] TRACE org.hibernate.orm.jdbc.bind [ |  | ] - binding parameter (2:VARCHAR) <- [test@codeit.com]
26-02-15 10:04:39.563 [Test worker] TRACE org.hibernate.orm.jdbc.bind [ |  | ] - binding parameter (3:VARCHAR) <- [$2a$10$TTN9Zlk7sKBgvCUjTkxQTeVGGO5A8RNFp5pGQtaZqg5K./4lUIWbm]
26-02-15 10:04:39.563 [Test worker] TRACE org.hibernate.orm.jdbc.bind [ |  | ] - binding parameter (4:UUID) <- [null]
26-02-15 10:04:39.563 [Test worker] TRACE org.hibernate.orm.jdbc.bind [ |  | ] - binding parameter (5:TIMESTAMP_UTC) <- [2026-02-15T01:04:39.500531300Z]
26-02-15 10:04:39.563 [Test worker] TRACE org.hibernate.orm.jdbc.bind [ |  | ] - binding parameter (6:VARCHAR) <- [test]
26-02-15 10:04:39.563 [Test worker] TRACE org.hibernate.orm.jdbc.bind [ |  | ] - binding parameter (7:UUID) <- [a48916c0-6761-43f2-91e4-ebf54c921353]
26-02-15 10:04:39.563 [Test worker] DEBUG org.hibernate.SQL [ |  | ] - 
    insert 
    into
        user_statuses
        (created_at, last_active_at, updated_at, user_id, id) 
    values
        (?, ?, ?, ?, ?)
Hibernate: 
    insert 
    into
        user_statuses
        (created_at, last_active_at, updated_at, user_id, id) 
    values
        (?, ?, ?, ?, ?)
26-02-15 10:04:39.563 [Test worker] TRACE org.hibernate.orm.jdbc.bind [ |  | ] - binding parameter (1:TIMESTAMP_UTC) <- [2026-02-15T01:04:39.500531300Z]
26-02-15 10:04:39.563 [Test worker] TRACE org.hibernate.orm.jdbc.bind [ |  | ] - binding parameter (2:TIMESTAMP_UTC) <- [2026-02-15T01:04:39.500531300Z]
26-02-15 10:04:39.563 [Test worker] TRACE org.hibernate.orm.jdbc.bind [ |  | ] - binding parameter (3:TIMESTAMP_UTC) <- [2026-02-15T01:04:39.500531300Z]
26-02-15 10:04:39.563 [Test worker] TRACE org.hibernate.orm.jdbc.bind [ |  | ] - binding parameter (4:UUID) <- [a48916c0-6761-43f2-91e4-ebf54c921353]
26-02-15 10:04:39.563 [Test worker] TRACE org.hibernate.orm.jdbc.bind [ |  | ] - binding parameter (5:UUID) <- [3e82a5b2-7548-4688-a2f0-c43c742b721a]
26-02-15 10:04:39.563 [Test worker] DEBUG org.hibernate.SQL [ |  | ] - 
    select
        u1_0.id,
        u1_0.created_at,
        u1_0.email,
        u1_0.password,
        p1_0.id,
        p1_0.content_type,
        p1_0.created_at,
        p1_0.file_name,
        p1_0.size,
        u1_0.updated_at,
        us1_0.id,
        us1_0.created_at,
        us1_0.last_active_at,
        us1_0.updated_at,
        us1_0.user_id,
        u1_0.username 
    from
        users u1_0 
    left join
        binary_contents p1_0 
            on p1_0.id=u1_0.profile_id 
    left join
        user_statuses us1_0 
            on u1_0.id=us1_0.user_id 
    where
        u1_0.username=?
Hibernate: 
    select
        u1_0.id,
        u1_0.created_at,
        u1_0.email,
        u1_0.password,
        p1_0.id,
        p1_0.content_type,
        p1_0.created_at,
        p1_0.file_name,
        p1_0.size,
        u1_0.updated_at,
        us1_0.id,
        us1_0.created_at,
        us1_0.last_active_at,
        us1_0.updated_at,
        us1_0.user_id,
        u1_0.username 
    from
        users u1_0 
    left join
        binary_contents p1_0 
            on p1_0.id=u1_0.profile_id 
    left join
        user_statuses us1_0 
            on u1_0.id=us1_0.user_id 
    where
        u1_0.username=?
26-02-15 10:04:39.563 [Test worker] TRACE org.hibernate.orm.jdbc.bind [ |  | ] - binding parameter (1:VARCHAR) <- [test]
26-02-15 10:04:39.579 [Test worker] INFO  c.s.m.d.s.basic.BasicUserService [ |  | ] - Service: 유저 생성 로직 시작 - email: test1, username: test1@codeit.com
26-02-15 10:04:39.579 [Test worker] DEBUG org.hibernate.SQL [ |  | ] - 
    select
        u1_0.id 
    from
        users u1_0 
    where
        u1_0.username=? 
    fetch
        first ? rows only
Hibernate: 
    select
        u1_0.id 
    from
        users u1_0 
    where
        u1_0.username=? 
    fetch
        first ? rows only
26-02-15 10:04:39.579 [Test worker] TRACE org.hibernate.orm.jdbc.bind [ |  | ] - binding parameter (1:VARCHAR) <- [test1]
26-02-15 10:04:39.579 [Test worker] TRACE org.hibernate.orm.jdbc.bind [ |  | ] - binding parameter (2:INTEGER) <- [1]
26-02-15 10:04:39.579 [Test worker] DEBUG org.hibernate.SQL [ |  | ] - 
    select
        u1_0.id 
    from
        users u1_0 
    where
        u1_0.email=? 
    fetch
        first ? rows only
Hibernate: 
    select
        u1_0.id 
    from
        users u1_0 
    where
        u1_0.email=? 
    fetch
        first ? rows only
26-02-15 10:04:39.579 [Test worker] TRACE org.hibernate.orm.jdbc.bind [ |  | ] - binding parameter (1:VARCHAR) <- [test1@codeit.com]
26-02-15 10:04:39.579 [Test worker] TRACE org.hibernate.orm.jdbc.bind [ |  | ] - binding parameter (2:INTEGER) <- [1]
26-02-15 10:04:39.714 [Test worker] INFO  c.s.m.d.s.basic.BasicUserService [ |  | ] - Service: 유저 생성 완료 및 DB 저장 완료 - ID: 06710eeb-b0a0-4b97-adb2-e33537dd27e0
26-02-15 10:04:39.714 [Test worker] INFO  c.s.m.d.s.basic.BasicUserService [ |  | ] - Service: 유저 생성 로직 시작 - email: test2, username: test2@codeit.com
26-02-15 10:04:39.718 [Test worker] DEBUG org.hibernate.SQL [ |  | ] - 
    insert 
    into
        users
        (created_at, email, password, profile_id, updated_at, username, id) 
    values
        (?, ?, ?, ?, ?, ?, ?)
Hibernate: 
    insert 
    into
        users
        (created_at, email, password, profile_id, updated_at, username, id) 
    values
        (?, ?, ?, ?, ?, ?, ?)
26-02-15 10:04:39.719 [Test worker] TRACE org.hibernate.orm.jdbc.bind [ |  | ] - binding parameter (1:TIMESTAMP_UTC) <- [2026-02-15T01:04:39.714663200Z]
26-02-15 10:04:39.719 [Test worker] TRACE org.hibernate.orm.jdbc.bind [ |  | ] - binding parameter (2:VARCHAR) <- [test1@codeit.com]
26-02-15 10:04:39.719 [Test worker] TRACE org.hibernate.orm.jdbc.bind [ |  | ] - binding parameter (3:VARCHAR) <- [$2a$10$QBNspL94fKV7miEm7IzO1OcX6LiGZS9WMvGHcZrUGdTiCG/2Q5DjC]
26-02-15 10:04:39.720 [Test worker] TRACE org.hibernate.orm.jdbc.bind [ |  | ] - binding parameter (4:UUID) <- [null]
26-02-15 10:04:39.720 [Test worker] TRACE org.hibernate.orm.jdbc.bind [ |  | ] - binding parameter (5:TIMESTAMP_UTC) <- [2026-02-15T01:04:39.714663200Z]
26-02-15 10:04:39.720 [Test worker] TRACE org.hibernate.orm.jdbc.bind [ |  | ] - binding parameter (6:VARCHAR) <- [test1]
26-02-15 10:04:39.720 [Test worker] TRACE org.hibernate.orm.jdbc.bind [ |  | ] - binding parameter (7:UUID) <- [06710eeb-b0a0-4b97-adb2-e33537dd27e0]
26-02-15 10:04:39.720 [Test worker] DEBUG org.hibernate.SQL [ |  | ] - 
    insert 
    into
        user_statuses
        (created_at, last_active_at, updated_at, user_id, id) 
    values
        (?, ?, ?, ?, ?)
Hibernate: 
    insert 
    into
        user_statuses
        (created_at, last_active_at, updated_at, user_id, id) 
    values
        (?, ?, ?, ?, ?)
26-02-15 10:04:39.720 [Test worker] TRACE org.hibernate.orm.jdbc.bind [ |  | ] - binding parameter (1:TIMESTAMP_UTC) <- [2026-02-15T01:04:39.714663200Z]
26-02-15 10:04:39.720 [Test worker] TRACE org.hibernate.orm.jdbc.bind [ |  | ] - binding parameter (2:TIMESTAMP_UTC) <- [2026-02-15T01:04:39.714663200Z]
26-02-15 10:04:39.720 [Test worker] TRACE org.hibernate.orm.jdbc.bind [ |  | ] - binding parameter (3:TIMESTAMP_UTC) <- [2026-02-15T01:04:39.714663200Z]
26-02-15 10:04:39.720 [Test worker] TRACE org.hibernate.orm.jdbc.bind [ |  | ] - binding parameter (4:UUID) <- [06710eeb-b0a0-4b97-adb2-e33537dd27e0]
26-02-15 10:04:39.720 [Test worker] TRACE org.hibernate.orm.jdbc.bind [ |  | ] - binding parameter (5:UUID) <- [90ff3aec-cde0-4232-a9c1-aa64d8c7fac1]
26-02-15 10:04:39.722 [Test worker] DEBUG org.hibernate.SQL [ |  | ] - 
    select
        u1_0.id 
    from
        users u1_0 
    where
        u1_0.username=? 
    fetch
        first ? rows only
Hibernate: 
    select
        u1_0.id 
    from
        users u1_0 
    where
        u1_0.username=? 
    fetch
        first ? rows only
26-02-15 10:04:39.722 [Test worker] TRACE org.hibernate.orm.jdbc.bind [ |  | ] - binding parameter (1:VARCHAR) <- [test2]
26-02-15 10:04:39.722 [Test worker] TRACE org.hibernate.orm.jdbc.bind [ |  | ] - binding parameter (2:INTEGER) <- [1]
26-02-15 10:04:39.723 [Test worker] DEBUG org.hibernate.SQL [ |  | ] - 
    select
        u1_0.id 
    from
        users u1_0 
    where
        u1_0.email=? 
    fetch
        first ? rows only
Hibernate: 
    select
        u1_0.id 
    from
        users u1_0 
    where
        u1_0.email=? 
    fetch
        first ? rows only
26-02-15 10:04:39.726 [Test worker] TRACE org.hibernate.orm.jdbc.bind [ |  | ] - binding parameter (1:VARCHAR) <- [test2@codeit.com]
26-02-15 10:04:39.726 [Test worker] TRACE org.hibernate.orm.jdbc.bind [ |  | ] - binding parameter (2:INTEGER) <- [1]
26-02-15 10:04:39.838 [Test worker] INFO  c.s.m.d.s.basic.BasicUserService [ |  | ] - Service: 유저 생성 완료 및 DB 저장 완료 - ID: 961e4e8d-58e9-4437-b6ce-18073c11de61
26-02-15 10:04:39.838 [Test worker] DEBUG c.s.m.d.config.MDCLoggingInterceptor [8dc729f2e4b941ff99dca349e91e5ffb | GET | /api/users] - 요청 시작
26-02-15 10:04:39.838 [Test worker] DEBUG org.hibernate.SQL [8dc729f2e4b941ff99dca349e91e5ffb | GET | /api/users] - 
    insert 
    into
        users
        (created_at, email, password, profile_id, updated_at, username, id) 
    values
        (?, ?, ?, ?, ?, ?, ?)
Hibernate: 
    insert 
    into
        users
        (created_at, email, password, profile_id, updated_at, username, id) 
    values
        (?, ?, ?, ?, ?, ?, ?)
26-02-15 10:04:39.838 [Test worker] TRACE org.hibernate.orm.jdbc.bind [8dc729f2e4b941ff99dca349e91e5ffb | GET | /api/users] - binding parameter (1:TIMESTAMP_UTC) <- [2026-02-15T01:04:39.838594Z]
26-02-15 10:04:39.838 [Test worker] TRACE org.hibernate.orm.jdbc.bind [8dc729f2e4b941ff99dca349e91e5ffb | GET | /api/users] - binding parameter (2:VARCHAR) <- [test2@codeit.com]
26-02-15 10:04:39.838 [Test worker] TRACE org.hibernate.orm.jdbc.bind [8dc729f2e4b941ff99dca349e91e5ffb | GET | /api/users] - binding parameter (3:VARCHAR) <- [$2a$10$WWDefPSFRR493E7jig30seN7Pxo9Wnf35VeaYLDtPJv68w7.C2nbi]
26-02-15 10:04:39.838 [Test worker] TRACE org.hibernate.orm.jdbc.bind [8dc729f2e4b941ff99dca349e91e5ffb | GET | /api/users] - binding parameter (4:UUID) <- [null]
26-02-15 10:04:39.838 [Test worker] TRACE org.hibernate.orm.jdbc.bind [8dc729f2e4b941ff99dca349e91e5ffb | GET | /api/users] - binding parameter (5:TIMESTAMP_UTC) <- [2026-02-15T01:04:39.838594Z]
26-02-15 10:04:39.838 [Test worker] TRACE org.hibernate.orm.jdbc.bind [8dc729f2e4b941ff99dca349e91e5ffb | GET | /api/users] - binding parameter (6:VARCHAR) <- [test2]
26-02-15 10:04:39.838 [Test worker] TRACE org.hibernate.orm.jdbc.bind [8dc729f2e4b941ff99dca349e91e5ffb | GET | /api/users] - binding parameter (7:UUID) <- [961e4e8d-58e9-4437-b6ce-18073c11de61]
26-02-15 10:04:39.838 [Test worker] DEBUG org.hibernate.SQL [8dc729f2e4b941ff99dca349e91e5ffb | GET | /api/users] - 
    insert 
    into
        user_statuses
        (created_at, last_active_at, updated_at, user_id, id) 
    values
        (?, ?, ?, ?, ?)
Hibernate: 
    insert 
    into
        user_statuses
        (created_at, last_active_at, updated_at, user_id, id) 
    values
        (?, ?, ?, ?, ?)
26-02-15 10:04:39.838 [Test worker] TRACE org.hibernate.orm.jdbc.bind [8dc729f2e4b941ff99dca349e91e5ffb | GET | /api/users] - binding parameter (1:TIMESTAMP_UTC) <- [2026-02-15T01:04:39.838594Z]
26-02-15 10:04:39.838 [Test worker] TRACE org.hibernate.orm.jdbc.bind [8dc729f2e4b941ff99dca349e91e5ffb | GET | /api/users] - binding parameter (2:TIMESTAMP_UTC) <- [2026-02-15T01:04:39.838594Z]
26-02-15 10:04:39.851 [Test worker] TRACE org.hibernate.orm.jdbc.bind [8dc729f2e4b941ff99dca349e91e5ffb | GET | /api/users] - binding parameter (3:TIMESTAMP_UTC) <- [2026-02-15T01:04:39.838594Z]
26-02-15 10:04:39.851 [Test worker] TRACE org.hibernate.orm.jdbc.bind [8dc729f2e4b941ff99dca349e91e5ffb | GET | /api/users] - binding parameter (4:UUID) <- [961e4e8d-58e9-4437-b6ce-18073c11de61]
26-02-15 10:04:39.851 [Test worker] TRACE org.hibernate.orm.jdbc.bind [8dc729f2e4b941ff99dca349e91e5ffb | GET | /api/users] - binding parameter (5:UUID) <- [362631e6-7910-4361-864f-6a370f3465b5]
26-02-15 10:04:39.851 [Test worker] DEBUG org.hibernate.SQL [8dc729f2e4b941ff99dca349e91e5ffb | GET | /api/users] - 
    select
        u1_0.id,
        u1_0.created_at,
        u1_0.email,
        u1_0.password,
        u1_0.profile_id,
        u1_0.updated_at,
        us1_0.id,
        us1_0.created_at,
        us1_0.last_active_at,
        us1_0.updated_at,
        us1_0.user_id,
        u1_0.username 
    from
        users u1_0 
    join
        user_statuses us1_0 
            on u1_0.id=us1_0.user_id
Hibernate: 
    select
        u1_0.id,
        u1_0.created_at,
        u1_0.email,
        u1_0.password,
        u1_0.profile_id,
        u1_0.updated_at,
        us1_0.id,
        us1_0.created_at,
        us1_0.last_active_at,
        us1_0.updated_at,
        us1_0.user_id,
        u1_0.username 
    from
        users u1_0 
    join
        user_statuses us1_0 
            on u1_0.id=us1_0.user_id
26-02-15 10:04:39.855 [Test worker] DEBUG c.s.m.d.config.MDCLoggingInterceptor [8dc729f2e4b941ff99dca349e91e5ffb | GET | /api/users] - 요청 완료
26-02-15 10:04:39.870 [Test worker] DEBUG c.s.m.d.config.MDCLoggingInterceptor [15f6f22b321f476fa161d55d43790939 | DELETE | /api/users/f15d6f43-63e0-4eff-818b-b248fa0ea293] - 요청 시작
26-02-15 10:04:39.870 [Test worker] INFO  c.s.m.d.controller.UserController [15f6f22b321f476fa161d55d43790939 | DELETE | /api/users/f15d6f43-63e0-4eff-818b-b248fa0ea293] - Controller: 사용자 삭제 요청 - ID: f15d6f43-63e0-4eff-818b-b248fa0ea293
26-02-15 10:04:39.870 [Test worker] INFO  c.s.m.d.s.basic.BasicUserService [15f6f22b321f476fa161d55d43790939 | DELETE | /api/users/f15d6f43-63e0-4eff-818b-b248fa0ea293] - Service: 사용자 DB 삭제 완료 - ID: f15d6f43-63e0-4eff-818b-b248fa0ea293
26-02-15 10:04:39.870 [Test worker] INFO  c.s.m.d.controller.UserController [15f6f22b321f476fa161d55d43790939 | DELETE | /api/users/f15d6f43-63e0-4eff-818b-b248fa0ea293] - Controller: 사용자 삭제 완료 - ID: f15d6f43-63e0-4eff-818b-b248fa0ea293
26-02-15 10:04:39.870 [Test worker] DEBUG c.s.m.d.config.MDCLoggingInterceptor [15f6f22b321f476fa161d55d43790939 | DELETE | /api/users/f15d6f43-63e0-4eff-818b-b248fa0ea293] - 요청 완료
26-02-15 10:04:39.886 [Test worker] DEBUG c.s.m.d.config.MDCLoggingInterceptor [639ecc5c2f004a76aa23d398cf4abc4b | POST | /api/users] - 요청 시작
26-02-15 10:04:39.886 [Test worker] INFO  c.s.m.d.controller.UserController [639ecc5c2f004a76aa23d398cf4abc4b | POST | /api/users] - Controller: 사용자 생성 요청 - email: test@codeit.com, username: test1
26-02-15 10:04:39.886 [Test worker] INFO  c.s.m.d.s.basic.BasicUserService [639ecc5c2f004a76aa23d398cf4abc4b | POST | /api/users] - Service: 유저 생성 로직 시작 - email: test1, username: test@codeit.com
26-02-15 10:04:39.886 [Test worker] DEBUG org.hibernate.SQL [639ecc5c2f004a76aa23d398cf4abc4b | POST | /api/users] - 
    insert 
    into
        users
        (created_at, email, password, profile_id, updated_at, username, id) 
    values
        (?, ?, ?, ?, ?, ?, ?)
Hibernate: 
    insert 
    into
        users
        (created_at, email, password, profile_id, updated_at, username, id) 
    values
        (?, ?, ?, ?, ?, ?, ?)
26-02-15 10:04:39.886 [Test worker] TRACE org.hibernate.orm.jdbc.bind [639ecc5c2f004a76aa23d398cf4abc4b | POST | /api/users] - binding parameter (1:TIMESTAMP_UTC) <- [2026-02-15T01:04:39.886085400Z]
26-02-15 10:04:39.886 [Test worker] TRACE org.hibernate.orm.jdbc.bind [639ecc5c2f004a76aa23d398cf4abc4b | POST | /api/users] - binding parameter (2:VARCHAR) <- [test@codeit.com]
26-02-15 10:04:39.886 [Test worker] TRACE org.hibernate.orm.jdbc.bind [639ecc5c2f004a76aa23d398cf4abc4b | POST | /api/users] - binding parameter (3:VARCHAR) <- [password123]
26-02-15 10:04:39.886 [Test worker] TRACE org.hibernate.orm.jdbc.bind [639ecc5c2f004a76aa23d398cf4abc4b | POST | /api/users] - binding parameter (4:UUID) <- [null]
26-02-15 10:04:39.886 [Test worker] TRACE org.hibernate.orm.jdbc.bind [639ecc5c2f004a76aa23d398cf4abc4b | POST | /api/users] - binding parameter (5:TIMESTAMP_UTC) <- [2026-02-15T01:04:39.886085400Z]
26-02-15 10:04:39.886 [Test worker] TRACE org.hibernate.orm.jdbc.bind [639ecc5c2f004a76aa23d398cf4abc4b | POST | /api/users] - binding parameter (6:VARCHAR) <- [test]
26-02-15 10:04:39.886 [Test worker] TRACE org.hibernate.orm.jdbc.bind [639ecc5c2f004a76aa23d398cf4abc4b | POST | /api/users] - binding parameter (7:UUID) <- [63331df4-066b-46d5-a1bc-35a9f95c78e5]
26-02-15 10:04:39.886 [Test worker] DEBUG org.hibernate.SQL [639ecc5c2f004a76aa23d398cf4abc4b | POST | /api/users] - 
    select
        u1_0.id 
    from
        users u1_0 
    where
        u1_0.username=? 
    fetch
        first ? rows only
Hibernate: 
    select
        u1_0.id 
    from
        users u1_0 
    where
        u1_0.username=? 
    fetch
        first ? rows only
26-02-15 10:04:39.886 [Test worker] TRACE org.hibernate.orm.jdbc.bind [639ecc5c2f004a76aa23d398cf4abc4b | POST | /api/users] - binding parameter (1:VARCHAR) <- [test1]
26-02-15 10:04:39.886 [Test worker] TRACE org.hibernate.orm.jdbc.bind [639ecc5c2f004a76aa23d398cf4abc4b | POST | /api/users] - binding parameter (2:INTEGER) <- [1]
26-02-15 10:04:39.900 [Test worker] DEBUG org.hibernate.SQL [639ecc5c2f004a76aa23d398cf4abc4b | POST | /api/users] - 
    select
        u1_0.id 
    from
        users u1_0 
    where
        u1_0.email=? 
    fetch
        first ? rows only
Hibernate: 
    select
        u1_0.id 
    from
        users u1_0 
    where
        u1_0.email=? 
    fetch
        first ? rows only
26-02-15 10:04:39.900 [Test worker] TRACE org.hibernate.orm.jdbc.bind [639ecc5c2f004a76aa23d398cf4abc4b | POST | /api/users] - binding parameter (1:VARCHAR) <- [test@codeit.com]
26-02-15 10:04:39.900 [Test worker] TRACE org.hibernate.orm.jdbc.bind [639ecc5c2f004a76aa23d398cf4abc4b | POST | /api/users] - binding parameter (2:INTEGER) <- [1]
26-02-15 10:04:39.901 [Test worker] WARN  c.s.m.d.e.GlobalExceptionHandler [639ecc5c2f004a76aa23d398cf4abc4b | POST | /api/users] - Discode.it Exception: U003 - 같은 email을 사용하는 User가 이미 존재합니다.
26-02-15 10:04:39.901 [Test worker] WARN  c.s.m.d.e.GlobalExceptionHandler [639ecc5c2f004a76aa23d398cf4abc4b | POST | /api/users] - Details: {email=test@codeit.com}
26-02-15 10:04:39.910 [Test worker] DEBUG c.s.m.d.config.MDCLoggingInterceptor [639ecc5c2f004a76aa23d398cf4abc4b | POST | /api/users] - 요청 완료
26-02-15 10:04:39.919 [Test worker] DEBUG c.s.m.d.config.MDCLoggingInterceptor [91b91714e61f4af4ab89379ee2ba823a | DELETE | /api/users/5e248fa7-0b58-40ff-ae6a-d684ee392757] - 요청 시작
26-02-15 10:04:39.926 [Test worker] INFO  c.s.m.d.controller.UserController [91b91714e61f4af4ab89379ee2ba823a | DELETE | /api/users/5e248fa7-0b58-40ff-ae6a-d684ee392757] - Controller: 사용자 삭제 요청 - ID: 5e248fa7-0b58-40ff-ae6a-d684ee392757
26-02-15 10:04:39.926 [Test worker] DEBUG org.hibernate.SQL [91b91714e61f4af4ab89379ee2ba823a | DELETE | /api/users/5e248fa7-0b58-40ff-ae6a-d684ee392757] - 
    select
        u1_0.id,
        u1_0.created_at,
        u1_0.email,
        u1_0.password,
        u1_0.profile_id,
        u1_0.updated_at,
        u1_0.username 
    from
        users u1_0 
    where
        u1_0.id=?
Hibernate: 
    select
        u1_0.id,
        u1_0.created_at,
        u1_0.email,
        u1_0.password,
        u1_0.profile_id,
        u1_0.updated_at,
        u1_0.username 
    from
        users u1_0 
    where
        u1_0.id=?
26-02-15 10:04:39.926 [Test worker] TRACE org.hibernate.orm.jdbc.bind [91b91714e61f4af4ab89379ee2ba823a | DELETE | /api/users/5e248fa7-0b58-40ff-ae6a-d684ee392757] - binding parameter (1:UUID) <- [5e248fa7-0b58-40ff-ae6a-d684ee392757]
26-02-15 10:04:39.926 [Test worker] WARN  c.s.m.d.s.basic.BasicUserService [91b91714e61f4af4ab89379ee2ba823a | DELETE | /api/users/5e248fa7-0b58-40ff-ae6a-d684ee392757] - Service - 사용자 삭제 실패(존재하지 않는 유저) - ID: 5e248fa7-0b58-40ff-ae6a-d684ee392757
26-02-15 10:04:39.926 [Test worker] WARN  c.s.m.d.e.GlobalExceptionHandler [91b91714e61f4af4ab89379ee2ba823a | DELETE | /api/users/5e248fa7-0b58-40ff-ae6a-d684ee392757] - Discode.it Exception: U001 - User를 찾을 수 없습니다.
26-02-15 10:04:39.926 [Test worker] WARN  c.s.m.d.e.GlobalExceptionHandler [91b91714e61f4af4ab89379ee2ba823a | DELETE | /api/users/5e248fa7-0b58-40ff-ae6a-d684ee392757] - Details: {userId=5e248fa7-0b58-40ff-ae6a-d684ee392757}
26-02-15 10:04:39.926 [Test worker] DEBUG c.s.m.d.config.MDCLoggingInterceptor [91b91714e61f4af4ab89379ee2ba823a | DELETE | /api/users/5e248fa7-0b58-40ff-ae6a-d684ee392757] - 요청 완료
]]></system-out>
  <system-err><![CDATA[]]></system-err>
</testsuite>
